{"/home/mohammedarshad/Documents/training/week2/day7/session-05-starter/app.ts": {"path":"/home/mohammedarshad/Documents/training/week2/day7/session-05-starter/app.ts","statementMap":{"0":{"start":{"line":1,"column":0},"end":{"line":1,"column":30}},"1":{"start":{"line":2,"column":0},"end":{"line":2,"column":53}},"2":{"start":{"line":3,"column":0},"end":{"line":3,"column":50}},"3":{"start":{"line":4,"column":0},"end":{"line":4,"column":42}},"4":{"start":{"line":5,"column":0},"end":{"line":5,"column":60}},"5":{"start":{"line":6,"column":0},"end":{"line":6,"column":61}},"6":{"start":{"line":7,"column":0},"end":{"line":7,"column":45}},"7":{"start":{"line":8,"column":0},"end":{"line":8,"column":59}},"8":{"start":{"line":9,"column":0},"end":{"line":9,"column":58}},"9":{"start":{"line":10,"column":0},"end":{"line":10,"column":57}},"10":{"start":{"line":12,"column":15},"end":{"line":12,"column":24}},"11":{"start":{"line":13,"column":15},"end":{"line":13,"column":49}},"12":{"start":{"line":15,"column":0},"end":{"line":15,"column":27}},"13":{"start":{"line":16,"column":0},"end":{"line":16,"column":29}},"14":{"start":{"line":17,"column":0},"end":{"line":17,"column":34}},"15":{"start":{"line":19,"column":0},"end":{"line":19,"column":56}},"16":{"start":{"line":20,"column":0},"end":{"line":20,"column":null}},"17":{"start":{"line":21,"column":0},"end":{"line":21,"column":32}},"18":{"start":{"line":22,"column":0},"end":{"line":22,"column":28}},"19":{"start":{"line":24,"column":0},"end":{"line":26,"column":3}},"20":{"start":{"line":25,"column":4},"end":{"line":25,"column":31}},"21":{"start":{"line":28,"column":13},"end":{"line":41,"column":2}},"22":{"start":{"line":28,"column":24},"end":{"line":41,"column":2}},"23":{"start":{"line":29,"column":4},"end":{"line":29,"column":35}},"24":{"start":{"line":30,"column":4},"end":{"line":40,"column":5}},"25":{"start":{"line":31,"column":8},"end":{"line":31,"column":38}},"26":{"start":{"line":32,"column":8},"end":{"line":32,"column":54}},"27":{"start":{"line":34,"column":8},"end":{"line":36,"column":11}},"28":{"start":{"line":35,"column":12},"end":{"line":35,"column":52}},"29":{"start":{"line":38,"column":8},"end":{"line":38,"column":42}},"30":{"start":{"line":39,"column":8},"end":{"line":39,"column":24}},"31":{"start":{"line":43,"column":0},"end":{"line":43,"column":7}}},"fnMap":{"0":{"name":"(anonymous_8)","decl":{"start":{"line":24,"column":16},"end":{"line":24,"column":17}},"loc":{"start":{"line":24,"column":29},"end":{"line":26,"column":1}}},"1":{"name":"(anonymous_9)","decl":{"start":{"line":28,"column":13},"end":{"line":28,"column":22}},"loc":{"start":{"line":28,"column":24},"end":{"line":41,"column":2}}},"2":{"name":"(anonymous_10)","decl":{"start":{"line":28,"column":24},"end":{"line":28,"column":null}},"loc":{"start":{"line":28,"column":24},"end":{"line":41,"column":1}}},"3":{"name":"(anonymous_11)","decl":{"start":{"line":34,"column":28},"end":{"line":34,"column":31}},"loc":{"start":{"line":34,"column":33},"end":{"line":36,"column":9}}}},"branchMap":{},"s":{"0":0,"1":0,"2":0,"3":0,"4":0,"5":0,"6":0,"7":0,"8":0,"9":0,"10":0,"11":0,"12":0,"13":0,"14":0,"15":0,"16":0,"17":0,"18":0,"19":0,"20":0,"21":0,"22":0,"23":0,"24":0,"25":0,"26":0,"27":0,"28":0,"29":0,"30":0,"31":0},"f":{"0":0,"1":0,"2":0,"3":0},"b":{}}
,"/home/mohammedarshad/Documents/training/week2/day7/session-05-starter/employee_router.ts": {"path":"/home/mohammedarshad/Documents/training/week2/day7/session-05-starter/employee_router.ts","statementMap":{"0":{"start":{"line":1,"column":0},"end":{"line":1,"column":30}},"1":{"start":{"line":2,"column":0},"end":{"line":2,"column":50}},"2":{"start":{"line":3,"column":0},"end":{"line":3,"column":42}},"3":{"start":{"line":6,"column":23},"end":{"line":6,"column":39}},"4":{"start":{"line":7,"column":12},"end":{"line":7,"column":13}},"5":{"start":{"line":9,"column":0},"end":{"line":13,"column":3}},"6":{"start":{"line":9,"column":43},"end":{"line":13,"column":2}},"7":{"start":{"line":10,"column":29},"end":{"line":10,"column":63}},"8":{"start":{"line":11,"column":20},"end":{"line":11,"column":51}},"9":{"start":{"line":12,"column":2},"end":{"line":12,"column":34}},"10":{"start":{"line":15,"column":0},"end":{"line":25,"column":3}},"11":{"start":{"line":15,"column":45},"end":{"line":25,"column":2}},"12":{"start":{"line":16,"column":16},"end":{"line":16,"column":40}},"13":{"start":{"line":17,"column":29},"end":{"line":17,"column":63}},"14":{"start":{"line":19,"column":19},"end":{"line":19,"column":65}},"15":{"start":{"line":20,"column":2},"end":{"line":23,"column":3}},"16":{"start":{"line":21,"column":4},"end":{"line":21,"column":47}},"17":{"start":{"line":22,"column":4},"end":{"line":22,"column":11}},"18":{"start":{"line":24,"column":2},"end":{"line":24,"column":33}},"19":{"start":{"line":27,"column":0},"end":{"line":35,"column":3}},"20":{"start":{"line":27,"column":43},"end":{"line":35,"column":2}},"21":{"start":{"line":28,"column":29},"end":{"line":28,"column":63}},"22":{"start":{"line":29,"column":22},"end":{"line":29,"column":36}},"23":{"start":{"line":30,"column":2},"end":{"line":30,"column":37}},"24":{"start":{"line":31,"column":2},"end":{"line":31,"column":35}},"25":{"start":{"line":33,"column":2},"end":{"line":33,"column":null}},"26":{"start":{"line":34,"column":2},"end":{"line":34,"column":36}},"27":{"start":{"line":37,"column":0},"end":{"line":42,"column":3}},"28":{"start":{"line":37,"column":48},"end":{"line":42,"column":2}},"29":{"start":{"line":38,"column":16},"end":{"line":38,"column":40}},"30":{"start":{"line":39,"column":29},"end":{"line":39,"column":63}},"31":{"start":{"line":40,"column":2},"end":{"line":40,"column":null}},"32":{"start":{"line":41,"column":2},"end":{"line":41,"column":25}},"33":{"start":{"line":44,"column":0},"end":{"line":53,"column":3}},"34":{"start":{"line":44,"column":45},"end":{"line":53,"column":2}},"35":{"start":{"line":45,"column":16},"end":{"line":45,"column":40}},"36":{"start":{"line":46,"column":29},"end":{"line":46,"column":63}},"37":{"start":{"line":47,"column":19},"end":{"line":47,"column":65}},"38":{"start":{"line":48,"column":2},"end":{"line":48,"column":34}},"39":{"start":{"line":49,"column":2},"end":{"line":49,"column":32}},"40":{"start":{"line":50,"column":2},"end":{"line":50,"column":null}},"41":{"start":{"line":52,"column":2},"end":{"line":52,"column":33}},"42":{"start":{"line":55,"column":0},"end":{"line":66,"column":3}},"43":{"start":{"line":55,"column":47},"end":{"line":66,"column":2}},"44":{"start":{"line":56,"column":16},"end":{"line":56,"column":40}},"45":{"start":{"line":57,"column":29},"end":{"line":57,"column":63}},"46":{"start":{"line":58,"column":2},"end":{"line":63,"column":3}},"47":{"start":{"line":59,"column":4},"end":{"line":59,"column":null}},"48":{"start":{"line":61,"column":7},"end":{"line":63,"column":3}},"49":{"start":{"line":62,"column":4},"end":{"line":62,"column":null}},"50":{"start":{"line":65,"column":2},"end":{"line":65,"column":71}},"51":{"start":{"line":68,"column":0},"end":{"line":68,"column":30}}},"fnMap":{"0":{"name":"(anonymous_8)","decl":{"start":{"line":9,"column":24},"end":{"line":9,"column":31}},"loc":{"start":{"line":9,"column":43},"end":{"line":13,"column":2}}},"1":{"name":"(anonymous_9)","decl":{"start":{"line":9,"column":43},"end":{"line":9,"column":null}},"loc":{"start":{"line":9,"column":43},"end":{"line":13,"column":1}}},"2":{"name":"(anonymous_10)","decl":{"start":{"line":15,"column":27},"end":{"line":15,"column":33}},"loc":{"start":{"line":15,"column":45},"end":{"line":25,"column":2}}},"3":{"name":"(anonymous_11)","decl":{"start":{"line":15,"column":45},"end":{"line":15,"column":null}},"loc":{"start":{"line":15,"column":45},"end":{"line":25,"column":1}}},"4":{"name":"(anonymous_12)","decl":{"start":{"line":27,"column":25},"end":{"line":27,"column":31}},"loc":{"start":{"line":27,"column":43},"end":{"line":35,"column":2}}},"5":{"name":"(anonymous_13)","decl":{"start":{"line":27,"column":43},"end":{"line":27,"column":null}},"loc":{"start":{"line":27,"column":43},"end":{"line":35,"column":1}}},"6":{"name":"(anonymous_14)","decl":{"start":{"line":37,"column":30},"end":{"line":37,"column":36}},"loc":{"start":{"line":37,"column":48},"end":{"line":42,"column":2}}},"7":{"name":"(anonymous_15)","decl":{"start":{"line":37,"column":48},"end":{"line":37,"column":null}},"loc":{"start":{"line":37,"column":48},"end":{"line":42,"column":1}}},"8":{"name":"(anonymous_16)","decl":{"start":{"line":44,"column":27},"end":{"line":44,"column":33}},"loc":{"start":{"line":44,"column":45},"end":{"line":53,"column":2}}},"9":{"name":"(anonymous_17)","decl":{"start":{"line":44,"column":45},"end":{"line":44,"column":null}},"loc":{"start":{"line":44,"column":45},"end":{"line":53,"column":1}}},"10":{"name":"(anonymous_18)","decl":{"start":{"line":55,"column":29},"end":{"line":55,"column":35}},"loc":{"start":{"line":55,"column":47},"end":{"line":66,"column":2}}},"11":{"name":"(anonymous_19)","decl":{"start":{"line":55,"column":47},"end":{"line":55,"column":null}},"loc":{"start":{"line":55,"column":47},"end":{"line":66,"column":1}}}},"branchMap":{"0":{"loc":{"start":{"line":20,"column":2},"end":{"line":23,"column":3}},"type":"if","locations":[{"start":{"line":20,"column":2},"end":{"line":23,"column":3}}]},"1":{"loc":{"start":{"line":58,"column":2},"end":{"line":63,"column":3}},"type":"if","locations":[{"start":{"line":58,"column":2},"end":{"line":63,"column":3}},{"start":{"line":61,"column":7},"end":{"line":63,"column":3}}]},"2":{"loc":{"start":{"line":61,"column":7},"end":{"line":63,"column":3}},"type":"if","locations":[{"start":{"line":61,"column":7},"end":{"line":63,"column":3}}]}},"s":{"0":0,"1":0,"2":0,"3":0,"4":0,"5":0,"6":0,"7":0,"8":0,"9":0,"10":0,"11":0,"12":0,"13":0,"14":0,"15":0,"16":0,"17":0,"18":0,"19":0,"20":0,"21":0,"22":0,"23":0,"24":0,"25":0,"26":0,"27":0,"28":0,"29":0,"30":0,"31":0,"32":0,"33":0,"34":0,"35":0,"36":0,"37":0,"38":0,"39":0,"40":0,"41":0,"42":0,"43":0,"44":0,"45":0,"46":0,"47":0,"48":0,"49":0,"50":0,"51":0},"f":{"0":0,"1":0,"2":0,"3":0,"4":0,"5":0,"6":0,"7":0,"8":0,"9":0,"10":0,"11":0},"b":{"0":[0],"1":[0,0],"2":[0]}}
,"/home/mohammedarshad/Documents/training/week2/day7/session-05-starter/loggerMiddleware.ts": {"path":"/home/mohammedarshad/Documents/training/week2/day7/session-05-starter/loggerMiddleware.ts","statementMap":{"0":{"start":{"line":1,"column":25},"end":{"line":9,"column":1}},"1":{"start":{"line":2,"column":2},"end":{"line":6,"column":5}},"2":{"start":{"line":3,"column":4},"end":{"line":5,"column":6}},"3":{"start":{"line":8,"column":2},"end":{"line":8,"column":9}},"4":{"start":{"line":11,"column":0},"end":{"line":11,"column":32}}},"fnMap":{"0":{"name":"(anonymous_0)","decl":{"start":{"line":1,"column":25},"end":{"line":1,"column":26}},"loc":{"start":{"line":1,"column":44},"end":{"line":9,"column":1}}},"1":{"name":"(anonymous_1)","decl":{"start":{"line":2,"column":19},"end":{"line":2,"column":22}},"loc":{"start":{"line":2,"column":24},"end":{"line":6,"column":3}}}},"branchMap":{},"s":{"0":0,"1":0,"2":0,"3":0,"4":0},"f":{"0":0,"1":0},"b":{}}
,"/home/mohammedarshad/Documents/training/week2/day7/session-05-starter/processTimeMiddleware.ts": {"path":"/home/mohammedarshad/Documents/training/week2/day7/session-05-starter/processTimeMiddleware.ts","statementMap":{"0":{"start":{"line":1,"column":37},"end":{"line":10,"column":1}},"1":{"start":{"line":2,"column":20},"end":{"line":2,"column":30}},"2":{"start":{"line":3,"column":14},"end":{"line":3,"column":21}},"3":{"start":{"line":4,"column":2},"end":{"line":8,"column":4}},"4":{"start":{"line":5,"column":24},"end":{"line":5,"column":46}},"5":{"start":{"line":6,"column":4},"end":{"line":6,"column":49}},"6":{"start":{"line":7,"column":4},"end":{"line":7,"column":35}},"7":{"start":{"line":9,"column":2},"end":{"line":9,"column":9}},"8":{"start":{"line":1,"column":13},"end":{"line":1,"column":37}},"9":{"start":{"line":12,"column":0},"end":{"line":12,"column":37}}},"fnMap":{"0":{"name":"(anonymous_0)","decl":{"start":{"line":1,"column":37},"end":{"line":1,"column":38}},"loc":{"start":{"line":1,"column":56},"end":{"line":10,"column":1}}},"1":{"name":"(anonymous_1)","decl":{"start":{"line":4,"column":12},"end":{"line":4,"column":22}},"loc":{"start":{"line":4,"column":37},"end":{"line":8,"column":3}}}},"branchMap":{},"s":{"0":0,"1":0,"2":0,"3":0,"4":0,"5":0,"6":0,"7":0,"8":0,"9":0},"f":{"0":0,"1":0},"b":{}}
,"/home/mohammedarshad/Documents/training/week2/day7/session-05-starter/controllers/auth.controller.ts": {"path":"/home/mohammedarshad/Documents/training/week2/day7/session-05-starter/controllers/auth.controller.ts","statementMap":{"0":{"start":{"line":1,"column":0},"end":{"line":1,"column":57}},"1":{"start":{"line":7,"column":24},"end":{"line":7,"column":49}},"2":{"start":{"line":7,"column":60},"end":{"line":7,"column":73}},"3":{"start":{"line":8,"column":8},"end":{"line":8,"column":null}},"4":{"start":{"line":12,"column":8},"end":{"line":21,"column":9}},"5":{"start":{"line":13,"column":37},"end":{"line":13,"column":45}},"6":{"start":{"line":14,"column":12},"end":{"line":16,"column":13}},"7":{"start":{"line":15,"column":16},"end":{"line":15,"column":null}},"8":{"start":{"line":17,"column":25},"end":{"line":17,"column":69}},"9":{"start":{"line":18,"column":12},"end":{"line":18,"column":null}},"10":{"start":{"line":20,"column":12},"end":{"line":20,"column":null}},"11":{"start":{"line":26,"column":0},"end":{"line":26,"column":null}}},"fnMap":{"0":{"name":"(anonymous_8)","decl":{"start":{"line":7,"column":4},"end":{"line":7,"column":24}},"loc":{"start":{"line":7,"column":73},"end":{"line":9,"column":5}}},"1":{"name":"(anonymous_9)","decl":{"start":{"line":11,"column":10},"end":{"line":11,"column":30}},"loc":{"start":{"line":11,"column":56},"end":{"line":23,"column":null}}}},"branchMap":{"0":{"loc":{"start":{"line":14,"column":12},"end":{"line":16,"column":13}},"type":"if","locations":[{"start":{"line":14,"column":12},"end":{"line":16,"column":13}}]},"1":{"loc":{"start":{"line":14,"column":15},"end":{"line":14,"column":34}},"type":"binary-expr","locations":[{"start":{"line":14,"column":15},"end":{"line":14,"column":21}},{"start":{"line":14,"column":25},"end":{"line":14,"column":34}}]}},"s":{"0":0,"1":0,"2":0,"3":0,"4":0,"5":0,"6":0,"7":0,"8":0,"9":0,"10":0,"11":0},"f":{"0":0,"1":0},"b":{"0":[0],"1":[0,0]}}
,"/home/mohammedarshad/Documents/training/week2/day7/session-05-starter/controllers/department.controller.ts": {"path":"/home/mohammedarshad/Documents/training/week2/day7/session-05-starter/controllers/department.controller.ts","statementMap":{"0":{"start":{"line":1,"column":0},"end":{"line":1,"column":52}},"1":{"start":{"line":2,"column":0},"end":{"line":2,"column":67}},"2":{"start":{"line":4,"column":0},"end":{"line":4,"column":69}},"3":{"start":{"line":5,"column":0},"end":{"line":5,"column":68}},"4":{"start":{"line":8,"column":0},"end":{"line":8,"column":43}},"5":{"start":{"line":9,"column":0},"end":{"line":9,"column":57}},"6":{"start":{"line":13,"column":24},"end":{"line":13,"column":61}},"7":{"start":{"line":14,"column":8},"end":{"line":14,"column":null}},"8":{"start":{"line":15,"column":8},"end":{"line":15,"column":null}},"9":{"start":{"line":16,"column":8},"end":{"line":16,"column":null}},"10":{"start":{"line":17,"column":8},"end":{"line":17,"column":null}},"11":{"start":{"line":18,"column":8},"end":{"line":18,"column":null}},"12":{"start":{"line":19,"column":8},"end":{"line":19,"column":null}},"13":{"start":{"line":20,"column":8},"end":{"line":20,"column":null}},"14":{"start":{"line":24,"column":43},"end":{"line":24,"column":91}},"15":{"start":{"line":25,"column":8},"end":{"line":25,"column":null}},"16":{"start":{"line":29,"column":8},"end":{"line":37,"column":9}},"17":{"start":{"line":30,"column":31},"end":{"line":30,"column":109}},"18":{"start":{"line":31,"column":12},"end":{"line":33,"column":13}},"19":{"start":{"line":32,"column":16},"end":{"line":32,"column":null}},"20":{"start":{"line":34,"column":12},"end":{"line":34,"column":null}},"21":{"start":{"line":36,"column":12},"end":{"line":36,"column":null}},"22":{"start":{"line":42,"column":8},"end":{"line":57,"column":9}},"23":{"start":{"line":43,"column":40},"end":{"line":45,"column":null}},"24":{"start":{"line":47,"column":27},"end":{"line":47,"column":62}},"25":{"start":{"line":48,"column":12},"end":{"line":51,"column":13}},"26":{"start":{"line":49,"column":16},"end":{"line":49,"column":52}},"27":{"start":{"line":50,"column":16},"end":{"line":50,"column":69}},"28":{"start":{"line":52,"column":24},"end":{"line":52,"column":95}},"29":{"start":{"line":53,"column":12},"end":{"line":53,"column":null}},"30":{"start":{"line":56,"column":12},"end":{"line":56,"column":null}},"31":{"start":{"line":61,"column":8},"end":{"line":61,"column":null}},"32":{"start":{"line":62,"column":8},"end":{"line":62,"column":null}},"33":{"start":{"line":63,"column":8},"end":{"line":63,"column":null}},"34":{"start":{"line":67,"column":8},"end":{"line":67,"column":null}},"35":{"start":{"line":68,"column":8},"end":{"line":68,"column":null}},"36":{"start":{"line":72,"column":8},"end":{"line":87,"column":9}},"37":{"start":{"line":73,"column":40},"end":{"line":75,"column":null}},"38":{"start":{"line":77,"column":27},"end":{"line":77,"column":62}},"39":{"start":{"line":78,"column":12},"end":{"line":81,"column":13}},"40":{"start":{"line":79,"column":16},"end":{"line":79,"column":52}},"41":{"start":{"line":80,"column":16},"end":{"line":80,"column":69}},"42":{"start":{"line":82,"column":12},"end":{"line":82,"column":null}},"43":{"start":{"line":83,"column":12},"end":{"line":83,"column":null}},"44":{"start":{"line":86,"column":12},"end":{"line":86,"column":null}},"45":{"start":{"line":92,"column":8},"end":{"line":92,"column":null}},"46":{"start":{"line":93,"column":8},"end":{"line":93,"column":null}},"47":{"start":{"line":97,"column":0},"end":{"line":97,"column":null}}},"fnMap":{"0":{"name":"(anonymous_8)","decl":{"start":{"line":13,"column":4},"end":{"line":13,"column":24}},"loc":{"start":{"line":13,"column":79},"end":{"line":21,"column":5}}},"1":{"name":"(anonymous_9)","decl":{"start":{"line":23,"column":10},"end":{"line":23,"column":27}},"loc":{"start":{"line":23,"column":52},"end":{"line":26,"column":null}}},"2":{"name":"(anonymous_11)","decl":{"start":{"line":28,"column":10},"end":{"line":28,"column":27}},"loc":{"start":{"line":28,"column":71},"end":{"line":39,"column":null}}},"3":{"name":"(anonymous_13)","decl":{"start":{"line":41,"column":10},"end":{"line":41,"column":26}},"loc":{"start":{"line":41,"column":69},"end":{"line":59,"column":null}}},"4":{"name":"(anonymous_15)","decl":{"start":{"line":60,"column":10},"end":{"line":60,"column":21}},"loc":{"start":{"line":60,"column":46},"end":{"line":64,"column":null}}},"5":{"name":"(anonymous_17)","decl":{"start":{"line":66,"column":10},"end":{"line":66,"column":26}},"loc":{"start":{"line":66,"column":51},"end":{"line":69,"column":null}}},"6":{"name":"(anonymous_19)","decl":{"start":{"line":71,"column":10},"end":{"line":71,"column":26}},"loc":{"start":{"line":71,"column":69},"end":{"line":89,"column":null}}},"7":{"name":"(anonymous_21)","decl":{"start":{"line":91,"column":10},"end":{"line":91,"column":24}},"loc":{"start":{"line":91,"column":49},"end":{"line":94,"column":null}}}},"branchMap":{"0":{"loc":{"start":{"line":31,"column":12},"end":{"line":33,"column":13}},"type":"if","locations":[{"start":{"line":31,"column":12},"end":{"line":33,"column":13}}]},"1":{"loc":{"start":{"line":48,"column":12},"end":{"line":51,"column":13}},"type":"if","locations":[{"start":{"line":48,"column":12},"end":{"line":51,"column":13}}]},"2":{"loc":{"start":{"line":78,"column":12},"end":{"line":81,"column":13}},"type":"if","locations":[{"start":{"line":78,"column":12},"end":{"line":81,"column":13}}]}},"s":{"0":0,"1":0,"2":0,"3":0,"4":0,"5":0,"6":0,"7":0,"8":0,"9":0,"10":0,"11":0,"12":0,"13":0,"14":0,"15":0,"16":0,"17":0,"18":0,"19":0,"20":0,"21":0,"22":0,"23":0,"24":0,"25":0,"26":0,"27":0,"28":0,"29":0,"30":0,"31":0,"32":0,"33":0,"34":0,"35":0,"36":0,"37":0,"38":0,"39":0,"40":0,"41":0,"42":0,"43":0,"44":0,"45":0,"46":0,"47":0},"f":{"0":0,"1":0,"2":0,"3":0,"4":0,"5":0,"6":0,"7":0},"b":{"0":[0],"1":[0],"2":[0]}}
,"/home/mohammedarshad/Documents/training/week2/day7/session-05-starter/controllers/employee.controller.ts": {"path":"/home/mohammedarshad/Documents/training/week2/day7/session-05-starter/controllers/employee.controller.ts","statementMap":{"0":{"start":{"line":2,"column":0},"end":{"line":2,"column":69}},"1":{"start":{"line":4,"column":0},"end":{"line":4,"column":57}},"2":{"start":{"line":6,"column":0},"end":{"line":6,"column":63}},"3":{"start":{"line":7,"column":0},"end":{"line":7,"column":52}},"4":{"start":{"line":8,"column":0},"end":{"line":8,"column":43}},"5":{"start":{"line":9,"column":0},"end":{"line":9,"column":67}},"6":{"start":{"line":12,"column":24},"end":{"line":12,"column":56}},"7":{"start":{"line":73,"column":4},"end":{"line":77,"column":6}},"8":{"start":{"line":73,"column":59},"end":{"line":77,"column":6}},"9":{"start":{"line":74,"column":8},"end":{"line":74,"column":77}},"10":{"start":{"line":76,"column":8},"end":{"line":76,"column":31}},"11":{"start":{"line":79,"column":4},"end":{"line":111,"column":6}},"12":{"start":{"line":79,"column":77},"end":{"line":111,"column":6}},"13":{"start":{"line":80,"column":8},"end":{"line":110,"column":9}},"14":{"start":{"line":81,"column":38},"end":{"line":83,"column":null}},"15":{"start":{"line":85,"column":27},"end":{"line":85,"column":60}},"16":{"start":{"line":86,"column":12},"end":{"line":89,"column":13}},"17":{"start":{"line":87,"column":16},"end":{"line":87,"column":52}},"18":{"start":{"line":88,"column":16},"end":{"line":88,"column":69}},"19":{"start":{"line":90,"column":23},"end":{"line":90,"column":44}},"20":{"start":{"line":91,"column":12},"end":{"line":104,"column":14}},"21":{"start":{"line":106,"column":12},"end":{"line":106,"column":35}},"22":{"start":{"line":108,"column":12},"end":{"line":108,"column":29}},"23":{"start":{"line":109,"column":12},"end":{"line":109,"column":22}},"24":{"start":{"line":13,"column":8},"end":{"line":13,"column":102}},"25":{"start":{"line":14,"column":8},"end":{"line":14,"column":57}},"26":{"start":{"line":15,"column":8},"end":{"line":15,"column":60}},"27":{"start":{"line":16,"column":8},"end":{"line":16,"column":80}},"28":{"start":{"line":17,"column":8},"end":{"line":17,"column":77}},"29":{"start":{"line":21,"column":30},"end":{"line":21,"column":74}},"30":{"start":{"line":22,"column":8},"end":{"line":22,"column":32}},"31":{"start":{"line":26,"column":8},"end":{"line":37,"column":9}},"32":{"start":{"line":27,"column":22},"end":{"line":28,"column":null}},"33":{"start":{"line":30,"column":12},"end":{"line":32,"column":13}},"34":{"start":{"line":31,"column":16},"end":{"line":31,"column":67}},"35":{"start":{"line":33,"column":12},"end":{"line":33,"column":36}},"36":{"start":{"line":35,"column":12},"end":{"line":35,"column":29}},"37":{"start":{"line":36,"column":12},"end":{"line":36,"column":22}},"38":{"start":{"line":41,"column":8},"end":{"line":70,"column":9}},"39":{"start":{"line":42,"column":38},"end":{"line":44,"column":null}},"40":{"start":{"line":46,"column":27},"end":{"line":46,"column":60}},"41":{"start":{"line":47,"column":12},"end":{"line":50,"column":13}},"42":{"start":{"line":48,"column":16},"end":{"line":48,"column":52}},"43":{"start":{"line":49,"column":16},"end":{"line":49,"column":69}},"44":{"start":{"line":52,"column":22},"end":{"line":63,"column":null}},"45":{"start":{"line":66,"column":12},"end":{"line":66,"column":36}},"46":{"start":{"line":68,"column":12},"end":{"line":68,"column":29}},"47":{"start":{"line":69,"column":12},"end":{"line":69,"column":22}},"48":{"start":{"line":114,"column":0},"end":{"line":114,"column":34}}},"fnMap":{"0":{"name":"(anonymous_8)","decl":{"start":{"line":12,"column":4},"end":{"line":12,"column":24}},"loc":{"start":{"line":12,"column":72},"end":{"line":18,"column":5}}},"1":{"name":"(anonymous_9)","decl":{"start":{"line":73,"column":21},"end":{"line":73,"column":28}},"loc":{"start":{"line":73,"column":59},"end":{"line":77,"column":6}}},"2":{"name":"(anonymous_10)","decl":{"start":{"line":73,"column":59},"end":{"line":73,"column":null}},"loc":{"start":{"line":73,"column":59},"end":{"line":77,"column":5}}},"3":{"name":"(anonymous_11)","decl":{"start":{"line":79,"column":21},"end":{"line":79,"column":28}},"loc":{"start":{"line":79,"column":77},"end":{"line":111,"column":6}}},"4":{"name":"(anonymous_12)","decl":{"start":{"line":79,"column":77},"end":{"line":79,"column":null}},"loc":{"start":{"line":79,"column":77},"end":{"line":111,"column":5}}},"5":{"name":"(anonymous_13)","decl":{"start":{"line":20,"column":10},"end":{"line":20,"column":25}},"loc":{"start":{"line":20,"column":53},"end":{"line":23,"column":null}}},"6":{"name":"(anonymous_15)","decl":{"start":{"line":25,"column":10},"end":{"line":25,"column":25}},"loc":{"start":{"line":25,"column":73},"end":{"line":38,"column":null}}},"7":{"name":"(anonymous_17)","decl":{"start":{"line":40,"column":10},"end":{"line":40,"column":24}},"loc":{"start":{"line":40,"column":72},"end":{"line":71,"column":null}}}},"branchMap":{"0":{"loc":{"start":{"line":86,"column":12},"end":{"line":89,"column":13}},"type":"if","locations":[{"start":{"line":86,"column":12},"end":{"line":89,"column":13}}]},"1":{"loc":{"start":{"line":30,"column":12},"end":{"line":32,"column":13}},"type":"if","locations":[{"start":{"line":30,"column":12},"end":{"line":32,"column":13}}]},"2":{"loc":{"start":{"line":47,"column":12},"end":{"line":50,"column":13}},"type":"if","locations":[{"start":{"line":47,"column":12},"end":{"line":50,"column":13}}]}},"s":{"0":0,"1":0,"2":0,"3":0,"4":0,"5":0,"6":0,"7":0,"8":0,"9":0,"10":0,"11":0,"12":0,"13":0,"14":0,"15":0,"16":0,"17":0,"18":0,"19":0,"20":0,"21":0,"22":0,"23":0,"24":0,"25":0,"26":0,"27":0,"28":0,"29":0,"30":0,"31":0,"32":0,"33":0,"34":0,"35":0,"36":0,"37":0,"38":0,"39":0,"40":0,"41":0,"42":0,"43":0,"44":0,"45":0,"46":0,"47":0,"48":0},"f":{"0":0,"1":0,"2":0,"3":0,"4":0,"5":0,"6":0,"7":0},"b":{"0":[0],"1":[0],"2":[0]}}
,"/home/mohammedarshad/Documents/training/week2/day7/session-05-starter/db/data-source.ts": {"path":"/home/mohammedarshad/Documents/training/week2/day7/session-05-starter/db/data-source.ts","statementMap":{"0":{"start":{"line":1,"column":0},"end":{"line":1,"column":26}},"1":{"start":{"line":2,"column":0},"end":{"line":2,"column":37}},"2":{"start":{"line":3,"column":0},"end":{"line":3,"column":64}},"3":{"start":{"line":7,"column":0},"end":{"line":7,"column":22}},"4":{"start":{"line":10,"column":19},"end":{"line":23,"column":2}},"5":{"start":{"line":25,"column":0},"end":{"line":25,"column":null}}},"fnMap":{},"branchMap":{},"s":{"0":0,"1":0,"2":0,"3":0,"4":0,"5":0},"f":{},"b":{}}
,"/home/mohammedarshad/Documents/training/week2/day7/session-05-starter/db/migrations/1747815951244-create-employee.ts": {"path":"/home/mohammedarshad/Documents/training/week2/day7/session-05-starter/db/migrations/1747815951244-create-employee.ts","statementMap":{"0":{"start":{"line":4,"column":4},"end":{"line":4,"column":null}},"1":{"start":{"line":7,"column":8},"end":{"line":7,"column":373}},"2":{"start":{"line":11,"column":8},"end":{"line":11,"column":57}},"3":{"start":{"line":3,"column":0},"end":{"line":3,"column":13}}},"fnMap":{"0":{"name":"(anonymous_7)","decl":{"start":{"line":3,"column":0},"end":{"line":3,"column":13}},"loc":{"start":{"line":3,"column":0},"end":{"line":14,"column":1}}},"1":{"name":"(anonymous_8)","decl":{"start":{"line":6,"column":17},"end":{"line":6,"column":19}},"loc":{"start":{"line":6,"column":44},"end":{"line":8,"column":null}}},"2":{"name":"(anonymous_10)","decl":{"start":{"line":10,"column":17},"end":{"line":10,"column":21}},"loc":{"start":{"line":10,"column":46},"end":{"line":12,"column":null}}}},"branchMap":{},"s":{"0":1,"1":1,"2":0,"3":1},"f":{"0":1,"1":1,"2":0},"b":{}}
,"/home/mohammedarshad/Documents/training/week2/day7/session-05-starter/db/migrations/1747819607414-create-address.ts": {"path":"/home/mohammedarshad/Documents/training/week2/day7/session-05-starter/db/migrations/1747819607414-create-address.ts","statementMap":{"0":{"start":{"line":4,"column":4},"end":{"line":4,"column":null}},"1":{"start":{"line":7,"column":8},"end":{"line":7,"column":327}},"2":{"start":{"line":8,"column":8},"end":{"line":8,"column":85}},"3":{"start":{"line":9,"column":8},"end":{"line":9,"column":85}},"4":{"start":{"line":13,"column":8},"end":{"line":13,"column":76}},"5":{"start":{"line":14,"column":8},"end":{"line":14,"column":83}},"6":{"start":{"line":15,"column":8},"end":{"line":15,"column":56}},"7":{"start":{"line":3,"column":0},"end":{"line":3,"column":13}}},"fnMap":{"0":{"name":"(anonymous_7)","decl":{"start":{"line":3,"column":0},"end":{"line":3,"column":13}},"loc":{"start":{"line":3,"column":0},"end":{"line":18,"column":1}}},"1":{"name":"(anonymous_8)","decl":{"start":{"line":6,"column":17},"end":{"line":6,"column":19}},"loc":{"start":{"line":6,"column":44},"end":{"line":10,"column":null}}},"2":{"name":"(anonymous_10)","decl":{"start":{"line":12,"column":17},"end":{"line":12,"column":21}},"loc":{"start":{"line":12,"column":46},"end":{"line":16,"column":null}}}},"branchMap":{},"s":{"0":1,"1":1,"2":1,"3":1,"4":0,"5":0,"6":0,"7":1},"f":{"0":1,"1":1,"2":0},"b":{}}
,"/home/mohammedarshad/Documents/training/week2/day7/session-05-starter/db/migrations/1747821082305-add-address-foreignkey.ts": {"path":"/home/mohammedarshad/Documents/training/week2/day7/session-05-starter/db/migrations/1747821082305-add-address-foreignkey.ts","statementMap":{"0":{"start":{"line":4,"column":4},"end":{"line":4,"column":null}},"1":{"start":{"line":7,"column":8},"end":{"line":7,"column":83}},"2":{"start":{"line":8,"column":8},"end":{"line":8,"column":128}},"3":{"start":{"line":9,"column":8},"end":{"line":9,"column":200}},"4":{"start":{"line":13,"column":8},"end":{"line":13,"column":107}},"5":{"start":{"line":14,"column":8},"end":{"line":14,"column":107}},"6":{"start":{"line":15,"column":8},"end":{"line":15,"column":83}},"7":{"start":{"line":3,"column":0},"end":{"line":3,"column":13}}},"fnMap":{"0":{"name":"(anonymous_7)","decl":{"start":{"line":3,"column":0},"end":{"line":3,"column":13}},"loc":{"start":{"line":3,"column":0},"end":{"line":18,"column":1}}},"1":{"name":"(anonymous_8)","decl":{"start":{"line":6,"column":17},"end":{"line":6,"column":19}},"loc":{"start":{"line":6,"column":44},"end":{"line":10,"column":null}}},"2":{"name":"(anonymous_10)","decl":{"start":{"line":12,"column":17},"end":{"line":12,"column":21}},"loc":{"start":{"line":12,"column":46},"end":{"line":16,"column":null}}}},"branchMap":{},"s":{"0":1,"1":1,"2":1,"3":1,"4":0,"5":0,"6":0,"7":1},"f":{"0":1,"1":1,"2":0},"b":{}}
,"/home/mohammedarshad/Documents/training/week2/day7/session-05-starter/db/migrations/1747822195124-add-foreignkey.ts": {"path":"/home/mohammedarshad/Documents/training/week2/day7/session-05-starter/db/migrations/1747822195124-add-foreignkey.ts","statementMap":{"0":{"start":{"line":4,"column":4},"end":{"line":4,"column":null}},"1":{"start":{"line":7,"column":8},"end":{"line":7,"column":107}},"2":{"start":{"line":8,"column":8},"end":{"line":8,"column":198}},"3":{"start":{"line":12,"column":8},"end":{"line":12,"column":107}},"4":{"start":{"line":13,"column":8},"end":{"line":13,"column":200}},"5":{"start":{"line":3,"column":0},"end":{"line":3,"column":13}}},"fnMap":{"0":{"name":"(anonymous_7)","decl":{"start":{"line":3,"column":0},"end":{"line":3,"column":13}},"loc":{"start":{"line":3,"column":0},"end":{"line":16,"column":1}}},"1":{"name":"(anonymous_8)","decl":{"start":{"line":6,"column":17},"end":{"line":6,"column":19}},"loc":{"start":{"line":6,"column":44},"end":{"line":9,"column":null}}},"2":{"name":"(anonymous_10)","decl":{"start":{"line":11,"column":17},"end":{"line":11,"column":21}},"loc":{"start":{"line":11,"column":46},"end":{"line":14,"column":null}}}},"branchMap":{},"s":{"0":1,"1":1,"2":1,"3":0,"4":0,"5":1},"f":{"0":1,"1":1,"2":0},"b":{}}
,"/home/mohammedarshad/Documents/training/week2/day7/session-05-starter/db/migrations/1747887798432-create-department.ts": {"path":"/home/mohammedarshad/Documents/training/week2/day7/session-05-starter/db/migrations/1747887798432-create-department.ts","statementMap":{"0":{"start":{"line":4,"column":4},"end":{"line":4,"column":null}},"1":{"start":{"line":7,"column":8},"end":{"line":7,"column":362}},"2":{"start":{"line":8,"column":8},"end":{"line":8,"column":86}},"3":{"start":{"line":9,"column":8},"end":{"line":9,"column":206}},"4":{"start":{"line":13,"column":8},"end":{"line":13,"column":107}},"5":{"start":{"line":14,"column":8},"end":{"line":14,"column":86}},"6":{"start":{"line":15,"column":8},"end":{"line":15,"column":59}},"7":{"start":{"line":3,"column":0},"end":{"line":3,"column":13}}},"fnMap":{"0":{"name":"(anonymous_7)","decl":{"start":{"line":3,"column":0},"end":{"line":3,"column":13}},"loc":{"start":{"line":3,"column":0},"end":{"line":18,"column":1}}},"1":{"name":"(anonymous_8)","decl":{"start":{"line":6,"column":17},"end":{"line":6,"column":19}},"loc":{"start":{"line":6,"column":44},"end":{"line":10,"column":null}}},"2":{"name":"(anonymous_10)","decl":{"start":{"line":12,"column":17},"end":{"line":12,"column":21}},"loc":{"start":{"line":12,"column":46},"end":{"line":16,"column":null}}}},"branchMap":{},"s":{"0":1,"1":1,"2":1,"3":1,"4":0,"5":0,"6":0,"7":1},"f":{"0":1,"1":1,"2":0},"b":{}}
,"/home/mohammedarshad/Documents/training/week2/day7/session-05-starter/db/migrations/1747887845011-add-employee-password-cloumn.ts": {"path":"/home/mohammedarshad/Documents/training/week2/day7/session-05-starter/db/migrations/1747887845011-add-employee-password-cloumn.ts","statementMap":{"0":{"start":{"line":4,"column":4},"end":{"line":4,"column":null}},"1":{"start":{"line":7,"column":8},"end":{"line":7,"column":91}},"2":{"start":{"line":8,"column":8},"end":{"line":8,"column":106}},"3":{"start":{"line":9,"column":8},"end":{"line":9,"column":95}},"4":{"start":{"line":13,"column":8},"end":{"line":13,"column":81}},"5":{"start":{"line":3,"column":0},"end":{"line":3,"column":13}}},"fnMap":{"0":{"name":"(anonymous_7)","decl":{"start":{"line":3,"column":0},"end":{"line":3,"column":13}},"loc":{"start":{"line":3,"column":0},"end":{"line":16,"column":1}}},"1":{"name":"(anonymous_8)","decl":{"start":{"line":6,"column":17},"end":{"line":6,"column":19}},"loc":{"start":{"line":6,"column":44},"end":{"line":10,"column":null}}},"2":{"name":"(anonymous_10)","decl":{"start":{"line":12,"column":17},"end":{"line":12,"column":21}},"loc":{"start":{"line":12,"column":46},"end":{"line":14,"column":null}}}},"branchMap":{},"s":{"0":1,"1":1,"2":1,"3":1,"4":0,"5":1},"f":{"0":1,"1":1,"2":0},"b":{}}
,"/home/mohammedarshad/Documents/training/week2/day7/session-05-starter/db/migrations/1747902885494-add-employee-role-column.ts": {"path":"/home/mohammedarshad/Documents/training/week2/day7/session-05-starter/db/migrations/1747902885494-add-employee-role-column.ts","statementMap":{"0":{"start":{"line":4,"column":4},"end":{"line":4,"column":null}},"1":{"start":{"line":7,"column":8},"end":{"line":7,"column":116}},"2":{"start":{"line":8,"column":8},"end":{"line":8,"column":128}},"3":{"start":{"line":12,"column":8},"end":{"line":12,"column":77}},"4":{"start":{"line":13,"column":8},"end":{"line":13,"column":75}},"5":{"start":{"line":3,"column":0},"end":{"line":3,"column":13}}},"fnMap":{"0":{"name":"(anonymous_7)","decl":{"start":{"line":3,"column":0},"end":{"line":3,"column":13}},"loc":{"start":{"line":3,"column":0},"end":{"line":16,"column":1}}},"1":{"name":"(anonymous_8)","decl":{"start":{"line":6,"column":17},"end":{"line":6,"column":19}},"loc":{"start":{"line":6,"column":44},"end":{"line":9,"column":null}}},"2":{"name":"(anonymous_10)","decl":{"start":{"line":11,"column":17},"end":{"line":11,"column":21}},"loc":{"start":{"line":11,"column":46},"end":{"line":14,"column":null}}}},"branchMap":{},"s":{"0":1,"1":1,"2":1,"3":0,"4":0,"5":1},"f":{"0":1,"1":1,"2":0},"b":{}}
,"/home/mohammedarshad/Documents/training/week2/day7/session-05-starter/db/migrations/1747972625704-employee-address-column-update.ts": {"path":"/home/mohammedarshad/Documents/training/week2/day7/session-05-starter/db/migrations/1747972625704-employee-address-column-update.ts","statementMap":{"0":{"start":{"line":4,"column":4},"end":{"line":4,"column":null}},"1":{"start":{"line":7,"column":8},"end":{"line":7,"column":107}},"2":{"start":{"line":8,"column":8},"end":{"line":8,"column":107}},"3":{"start":{"line":9,"column":8},"end":{"line":9,"column":83}},"4":{"start":{"line":10,"column":8},"end":{"line":10,"column":83}},"5":{"start":{"line":11,"column":8},"end":{"line":11,"column":128}},"6":{"start":{"line":12,"column":8},"end":{"line":12,"column":199}},"7":{"start":{"line":16,"column":8},"end":{"line":16,"column":106}},"8":{"start":{"line":17,"column":8},"end":{"line":17,"column":106}},"9":{"start":{"line":18,"column":8},"end":{"line":18,"column":83}},"10":{"start":{"line":19,"column":8},"end":{"line":19,"column":83}},"11":{"start":{"line":20,"column":8},"end":{"line":20,"column":128}},"12":{"start":{"line":21,"column":8},"end":{"line":21,"column":198}},"13":{"start":{"line":3,"column":0},"end":{"line":3,"column":13}}},"fnMap":{"0":{"name":"(anonymous_7)","decl":{"start":{"line":3,"column":0},"end":{"line":3,"column":13}},"loc":{"start":{"line":3,"column":0},"end":{"line":24,"column":1}}},"1":{"name":"(anonymous_8)","decl":{"start":{"line":6,"column":17},"end":{"line":6,"column":19}},"loc":{"start":{"line":6,"column":44},"end":{"line":13,"column":null}}},"2":{"name":"(anonymous_10)","decl":{"start":{"line":15,"column":17},"end":{"line":15,"column":21}},"loc":{"start":{"line":15,"column":46},"end":{"line":22,"column":null}}}},"branchMap":{},"s":{"0":1,"1":1,"2":1,"3":1,"4":1,"5":1,"6":1,"7":0,"8":0,"9":0,"10":0,"11":0,"12":0,"13":1},"f":{"0":1,"1":1,"2":0},"b":{}}
,"/home/mohammedarshad/Documents/training/week2/day7/session-05-starter/db/migrations/1747973427078-add-new-employee-address-columns.ts": {"path":"/home/mohammedarshad/Documents/training/week2/day7/session-05-starter/db/migrations/1747973427078-add-new-employee-address-columns.ts","statementMap":{"0":{"start":{"line":4,"column":4},"end":{"line":4,"column":null}},"1":{"start":{"line":7,"column":8},"end":{"line":7,"column":99}},"2":{"start":{"line":8,"column":8},"end":{"line":8,"column":96}},"3":{"start":{"line":9,"column":8},"end":{"line":9,"column":103}},"4":{"start":{"line":10,"column":8},"end":{"line":10,"column":129}},"5":{"start":{"line":11,"column":8},"end":{"line":11,"column":92}},"6":{"start":{"line":12,"column":8},"end":{"line":12,"column":122}},"7":{"start":{"line":13,"column":8},"end":{"line":13,"column":131}},"8":{"start":{"line":14,"column":8},"end":{"line":14,"column":91}},"9":{"start":{"line":18,"column":8},"end":{"line":18,"column":85}},"10":{"start":{"line":19,"column":8},"end":{"line":19,"column":79}},"11":{"start":{"line":20,"column":8},"end":{"line":20,"column":77}},"12":{"start":{"line":21,"column":8},"end":{"line":21,"column":83}},"13":{"start":{"line":22,"column":8},"end":{"line":22,"column":107}},"14":{"start":{"line":23,"column":8},"end":{"line":23,"column":84}},"15":{"start":{"line":24,"column":8},"end":{"line":24,"column":77}},"16":{"start":{"line":25,"column":8},"end":{"line":25,"column":80}},"17":{"start":{"line":3,"column":0},"end":{"line":3,"column":13}}},"fnMap":{"0":{"name":"(anonymous_7)","decl":{"start":{"line":3,"column":0},"end":{"line":3,"column":13}},"loc":{"start":{"line":3,"column":0},"end":{"line":28,"column":1}}},"1":{"name":"(anonymous_8)","decl":{"start":{"line":6,"column":17},"end":{"line":6,"column":19}},"loc":{"start":{"line":6,"column":44},"end":{"line":15,"column":null}}},"2":{"name":"(anonymous_10)","decl":{"start":{"line":17,"column":17},"end":{"line":17,"column":21}},"loc":{"start":{"line":17,"column":46},"end":{"line":26,"column":null}}}},"branchMap":{},"s":{"0":1,"1":1,"2":1,"3":1,"4":1,"5":1,"6":1,"7":1,"8":1,"9":0,"10":0,"11":0,"12":0,"13":0,"14":0,"15":0,"16":0,"17":1},"f":{"0":1,"1":1,"2":0},"b":{}}
,"/home/mohammedarshad/Documents/training/week2/day7/session-05-starter/dto/create-address.dto.ts": {"path":"/home/mohammedarshad/Documents/training/week2/day7/session-05-starter/dto/create-address.dto.ts","statementMap":{"0":{"start":{"line":1,"column":0},"end":{"line":1,"column":97}},"1":{"start":{"line":4,"column":0},"end":{"line":4,"column":13}},"2":{"start":{"line":6,"column":2},"end":{"line":6,"column":null}},"3":{"start":{"line":9,"column":2},"end":{"line":9,"column":null}},"4":{"start":{"line":12,"column":2},"end":{"line":12,"column":null}},"5":{"start":{"line":16,"column":2},"end":{"line":16,"column":null}}},"fnMap":{},"branchMap":{},"s":{"0":0,"1":0,"2":0,"3":0,"4":0,"5":0},"f":{},"b":{}}
,"/home/mohammedarshad/Documents/training/week2/day7/session-05-starter/dto/create-department.dto.ts": {"path":"/home/mohammedarshad/Documents/training/week2/day7/session-05-starter/dto/create-department.dto.ts","statementMap":{"0":{"start":{"line":1,"column":0},"end":{"line":1,"column":97}},"1":{"start":{"line":4,"column":0},"end":{"line":4,"column":13}},"2":{"start":{"line":6,"column":2},"end":{"line":6,"column":null}}},"fnMap":{},"branchMap":{},"s":{"0":0,"1":0,"2":0},"f":{},"b":{}}
,"/home/mohammedarshad/Documents/training/week2/day7/session-05-starter/dto/create-employee.dto.ts": {"path":"/home/mohammedarshad/Documents/training/week2/day7/session-05-starter/dto/create-employee.dto.ts","statementMap":{"0":{"start":{"line":1,"column":0},"end":{"line":1,"column":136}},"1":{"start":{"line":2,"column":0},"end":{"line":2,"column":41}},"2":{"start":{"line":3,"column":0},"end":{"line":3,"column":56}},"3":{"start":{"line":4,"column":0},"end":{"line":4,"column":75}},"4":{"start":{"line":7,"column":0},"end":{"line":7,"column":13}},"5":{"start":{"line":10,"column":2},"end":{"line":10,"column":null}},"6":{"start":{"line":14,"column":2},"end":{"line":14,"column":null}},"7":{"start":{"line":18,"column":2},"end":{"line":18,"column":null}},"8":{"start":{"line":22,"column":2},"end":{"line":22,"column":null}},"9":{"start":{"line":21,"column":13},"end":{"line":21,"column":29}},"10":{"start":{"line":27,"column":2},"end":{"line":27,"column":null}},"11":{"start":{"line":31,"column":2},"end":{"line":31,"column":null}},"12":{"start":{"line":35,"column":2},"end":{"line":35,"column":null}},"13":{"start":{"line":39,"column":2},"end":{"line":39,"column":null}},"14":{"start":{"line":42,"column":2},"end":{"line":42,"column":null}},"15":{"start":{"line":46,"column":2},"end":{"line":46,"column":null}},"16":{"start":{"line":50,"column":2},"end":{"line":50,"column":null}}},"fnMap":{"0":{"name":"(anonymous_2)","decl":{"start":{"line":21,"column":8},"end":{"line":21,"column":10}},"loc":{"start":{"line":21,"column":13},"end":{"line":21,"column":29}}}},"branchMap":{},"s":{"0":0,"1":0,"2":0,"3":0,"4":0,"5":0,"6":0,"7":0,"8":0,"9":0,"10":0,"11":0,"12":0,"13":0,"14":0,"15":0,"16":0},"f":{"0":0},"b":{}}
,"/home/mohammedarshad/Documents/training/week2/day7/session-05-starter/dto/jwt-payload.dto.ts": {"path":"/home/mohammedarshad/Documents/training/week2/day7/session-05-starter/dto/jwt-payload.dto.ts","statementMap":{"0":{"start":{"line":1,"column":0},"end":{"line":1,"column":40}},"1":{"start":{"line":4,"column":0},"end":{"line":4,"column":21}},"2":{"start":{"line":6,"column":4},"end":{"line":6,"column":null}}},"fnMap":{},"branchMap":{},"s":{"0":0,"1":0,"2":0},"f":{},"b":{}}
,"/home/mohammedarshad/Documents/training/week2/day7/session-05-starter/entities/abstract.entity.ts": {"path":"/home/mohammedarshad/Documents/training/week2/day7/session-05-starter/entities/abstract.entity.ts","statementMap":{"0":{"start":{"line":1,"column":0},"end":{"line":1,"column":null}},"1":{"start":{"line":11,"column":4},"end":{"line":11,"column":null}},"2":{"start":{"line":14,"column":4},"end":{"line":14,"column":null}},"3":{"start":{"line":17,"column":4},"end":{"line":17,"column":null}},"4":{"start":{"line":20,"column":4},"end":{"line":20,"column":null}},"5":{"start":{"line":23,"column":0},"end":{"line":23,"column":null}}},"fnMap":{},"branchMap":{},"s":{"0":1,"1":1,"2":1,"3":1,"4":1,"5":1},"f":{},"b":{}}
,"/home/mohammedarshad/Documents/training/week2/day7/session-05-starter/entities/address.entity.ts": {"path":"/home/mohammedarshad/Documents/training/week2/day7/session-05-starter/entities/address.entity.ts","statementMap":{"0":{"start":{"line":1,"column":0},"end":{"line":1,"column":null}},"1":{"start":{"line":8,"column":0},"end":{"line":8,"column":47}},"2":{"start":{"line":9,"column":0},"end":{"line":9,"column":41}},"3":{"start":{"line":12,"column":0},"end":{"line":34,"column":null}},"4":{"start":{"line":14,"column":4},"end":{"line":14,"column":null}},"5":{"start":{"line":17,"column":4},"end":{"line":17,"column":null}},"6":{"start":{"line":20,"column":4},"end":{"line":20,"column":null}},"7":{"start":{"line":23,"column":4},"end":{"line":23,"column":null}},"8":{"start":{"line":26,"column":4},"end":{"line":26,"column":null}},"9":{"start":{"line":32,"column":4},"end":{"line":32,"column":null}},"10":{"start":{"line":28,"column":19},"end":{"line":28,"column":27}},"11":{"start":{"line":28,"column":44},"end":{"line":28,"column":60}},"12":{"start":{"line":12,"column":6},"end":{"line":34,"column":null}},"13":{"start":{"line":36,"column":0},"end":{"line":36,"column":null}}},"fnMap":{"0":{"name":"(anonymous_3)","decl":{"start":{"line":28,"column":14},"end":{"line":28,"column":16}},"loc":{"start":{"line":28,"column":19},"end":{"line":28,"column":27}}},"1":{"name":"(anonymous_4)","decl":{"start":{"line":28,"column":30},"end":{"line":28,"column":31}},"loc":{"start":{"line":28,"column":44},"end":{"line":28,"column":60}}}},"branchMap":{},"s":{"0":1,"1":1,"2":1,"3":1,"4":1,"5":1,"6":1,"7":1,"8":1,"9":1,"10":1,"11":1,"12":1,"13":1},"f":{"0":1,"1":1},"b":{}}
,"/home/mohammedarshad/Documents/training/week2/day7/session-05-starter/entities/department.entity.ts": {"path":"/home/mohammedarshad/Documents/training/week2/day7/session-05-starter/entities/department.entity.ts","statementMap":{"0":{"start":{"line":1,"column":0},"end":{"line":1,"column":null}},"1":{"start":{"line":7,"column":0},"end":{"line":7,"column":47}},"2":{"start":{"line":8,"column":0},"end":{"line":8,"column":41}},"3":{"start":{"line":11,"column":0},"end":{"line":21,"column":null}},"4":{"start":{"line":13,"column":4},"end":{"line":13,"column":null}},"5":{"start":{"line":16,"column":4},"end":{"line":16,"column":null}},"6":{"start":{"line":19,"column":4},"end":{"line":19,"column":null}},"7":{"start":{"line":18,"column":19},"end":{"line":18,"column":27}},"8":{"start":{"line":18,"column":44},"end":{"line":18,"column":63}},"9":{"start":{"line":11,"column":6},"end":{"line":21,"column":null}},"10":{"start":{"line":23,"column":0},"end":{"line":23,"column":26}}},"fnMap":{"0":{"name":"(anonymous_3)","decl":{"start":{"line":18,"column":15},"end":{"line":18,"column":17}},"loc":{"start":{"line":18,"column":19},"end":{"line":18,"column":27}}},"1":{"name":"(anonymous_4)","decl":{"start":{"line":18,"column":30},"end":{"line":18,"column":31}},"loc":{"start":{"line":18,"column":44},"end":{"line":18,"column":63}}}},"branchMap":{},"s":{"0":1,"1":1,"2":1,"3":1,"4":1,"5":1,"6":1,"7":1,"8":1,"9":1,"10":1},"f":{"0":1,"1":1},"b":{}}
,"/home/mohammedarshad/Documents/training/week2/day7/session-05-starter/entities/employee.entity.ts": {"path":"/home/mohammedarshad/Documents/training/week2/day7/session-05-starter/entities/employee.entity.ts","statementMap":{"0":{"start":{"line":1,"column":0},"end":{"line":1,"column":null}},"1":{"start":{"line":11,"column":0},"end":{"line":11,"column":47}},"2":{"start":{"line":12,"column":0},"end":{"line":12,"column":39}},"3":{"start":{"line":13,"column":0},"end":{"line":13,"column":45}},"4":{"start":{"line":15,"column":0},"end":{"line":15,"column":null}},"5":{"start":{"line":16,"column":4},"end":{"line":16,"column":null}},"6":{"start":{"line":17,"column":4},"end":{"line":17,"column":null}},"7":{"start":{"line":18,"column":4},"end":{"line":18,"column":null}},"8":{"start":{"line":19,"column":4},"end":{"line":19,"column":null}},"9":{"start":{"line":22,"column":0},"end":{"line":22,"column":null}},"10":{"start":{"line":23,"column":4},"end":{"line":23,"column":null}},"11":{"start":{"line":24,"column":4},"end":{"line":24,"column":null}},"12":{"start":{"line":25,"column":4},"end":{"line":25,"column":null}},"13":{"start":{"line":29,"column":0},"end":{"line":70,"column":null}},"14":{"start":{"line":31,"column":4},"end":{"line":31,"column":null}},"15":{"start":{"line":34,"column":4},"end":{"line":34,"column":null}},"16":{"start":{"line":37,"column":4},"end":{"line":37,"column":null}},"17":{"start":{"line":40,"column":4},"end":{"line":40,"column":null}},"18":{"start":{"line":43,"column":1},"end":{"line":43,"column":null}},"19":{"start":{"line":46,"column":4},"end":{"line":46,"column":null}},"20":{"start":{"line":49,"column":4},"end":{"line":49,"column":null}},"21":{"start":{"line":52,"column":4},"end":{"line":52,"column":null}},"22":{"start":{"line":57,"column":1},"end":{"line":57,"column":null}},"23":{"start":{"line":54,"column":17},"end":{"line":54,"column":24}},"24":{"start":{"line":54,"column":40},"end":{"line":54,"column":56}},"25":{"start":{"line":60,"column":4},"end":{"line":60,"column":null}},"26":{"start":{"line":59,"column":20},"end":{"line":59,"column":30}},"27":{"start":{"line":59,"column":46},"end":{"line":59,"column":63}},"28":{"start":{"line":63,"column":4},"end":{"line":63,"column":null}},"29":{"start":{"line":69,"column":4},"end":{"line":69,"column":null}},"30":{"start":{"line":29,"column":6},"end":{"line":70,"column":null}},"31":{"start":{"line":72,"column":0},"end":{"line":72,"column":24}}},"fnMap":{"0":{"name":"(anonymous_3)","decl":{"start":{"line":15,"column":0},"end":{"line":15,"column":12}},"loc":{"start":{"line":15,"column":24},"end":{"line":20,"column":1}}},"1":{"name":"(anonymous_4)","decl":{"start":{"line":22,"column":0},"end":{"line":22,"column":12}},"loc":{"start":{"line":22,"column":26},"end":{"line":26,"column":1}}},"2":{"name":"(anonymous_5)","decl":{"start":{"line":54,"column":11},"end":{"line":54,"column":14}},"loc":{"start":{"line":54,"column":17},"end":{"line":54,"column":24}}},"3":{"name":"(anonymous_6)","decl":{"start":{"line":54,"column":27},"end":{"line":54,"column":28}},"loc":{"start":{"line":54,"column":40},"end":{"line":54,"column":56}}},"4":{"name":"(anonymous_7)","decl":{"start":{"line":59,"column":15},"end":{"line":59,"column":17}},"loc":{"start":{"line":59,"column":20},"end":{"line":59,"column":30}}},"5":{"name":"(anonymous_8)","decl":{"start":{"line":59,"column":33},"end":{"line":59,"column":34}},"loc":{"start":{"line":59,"column":46},"end":{"line":59,"column":63}}}},"branchMap":{"0":{"loc":{"start":{"line":15,"column":12},"end":{"line":15,"column":null}},"type":"binary-expr","locations":[{"start":{"line":15,"column":12},"end":{"line":15,"column":24}},{"start":{"line":15,"column":24},"end":{"line":15,"column":null}}]},"1":{"loc":{"start":{"line":22,"column":12},"end":{"line":22,"column":null}},"type":"binary-expr","locations":[{"start":{"line":22,"column":12},"end":{"line":22,"column":26}},{"start":{"line":22,"column":26},"end":{"line":22,"column":null}}]}},"s":{"0":1,"1":1,"2":1,"3":1,"4":1,"5":1,"6":1,"7":1,"8":1,"9":1,"10":1,"11":1,"12":1,"13":1,"14":1,"15":1,"16":1,"17":1,"18":1,"19":1,"20":1,"21":1,"22":1,"23":1,"24":1,"25":1,"26":1,"27":1,"28":1,"29":1,"30":1,"31":1},"f":{"0":1,"1":1,"2":1,"3":1,"4":1,"5":1},"b":{"0":[1,1],"1":[1,1]}}
,"/home/mohammedarshad/Documents/training/week2/day7/session-05-starter/exceptions/http.exception.ts": {"path":"/home/mohammedarshad/Documents/training/week2/day7/session-05-starter/exceptions/http.exception.ts","statementMap":{"0":{"start":{"line":5,"column":8},"end":{"line":5,"column":null}},"1":{"start":{"line":6,"column":8},"end":{"line":6,"column":null}},"2":{"start":{"line":7,"column":8},"end":{"line":7,"column":null}},"3":{"start":{"line":10,"column":0},"end":{"line":10,"column":null}}},"fnMap":{"0":{"name":"(anonymous_0)","decl":{"start":{"line":4,"column":4},"end":{"line":4,"column":16}},"loc":{"start":{"line":4,"column":44},"end":{"line":8,"column":5}}}},"branchMap":{},"s":{"0":0,"1":0,"2":0,"3":0},"f":{"0":0},"b":{}}
,"/home/mohammedarshad/Documents/training/week2/day7/session-05-starter/middlewares/auth.middleware.ts": {"path":"/home/mohammedarshad/Documents/training/week2/day7/session-05-starter/middlewares/auth.middleware.ts","statementMap":{"0":{"start":{"line":2,"column":0},"end":{"line":2,"column":57}},"1":{"start":{"line":3,"column":0},"end":{"line":3,"column":48}},"2":{"start":{"line":4,"column":0},"end":{"line":4,"column":33}},"3":{"start":{"line":8,"column":23},"end":{"line":30,"column":1}},"4":{"start":{"line":9,"column":18},"end":{"line":9,"column":43}},"5":{"start":{"line":10,"column":4},"end":{"line":12,"column":5}},"6":{"start":{"line":11,"column":8},"end":{"line":11,"column":null}},"7":{"start":{"line":13,"column":23},"end":{"line":13,"column":39}},"8":{"start":{"line":14,"column":4},"end":{"line":16,"column":5}},"9":{"start":{"line":15,"column":8},"end":{"line":15,"column":null}},"10":{"start":{"line":17,"column":4},"end":{"line":19,"column":5}},"11":{"start":{"line":18,"column":8},"end":{"line":18,"column":null}},"12":{"start":{"line":21,"column":4},"end":{"line":27,"column":5}},"13":{"start":{"line":22,"column":24},"end":{"line":22,"column":60}},"14":{"start":{"line":23,"column":8},"end":{"line":23,"column":null}},"15":{"start":{"line":26,"column":8},"end":{"line":26,"column":null}},"16":{"start":{"line":29,"column":4},"end":{"line":29,"column":null}},"17":{"start":{"line":32,"column":0},"end":{"line":32,"column":null}}},"fnMap":{"0":{"name":"(anonymous_1)","decl":{"start":{"line":8,"column":23},"end":{"line":8,"column":24}},"loc":{"start":{"line":8,"column":70},"end":{"line":30,"column":1}}}},"branchMap":{"0":{"loc":{"start":{"line":10,"column":4},"end":{"line":12,"column":5}},"type":"if","locations":[{"start":{"line":10,"column":4},"end":{"line":12,"column":5}}]},"1":{"loc":{"start":{"line":14,"column":4},"end":{"line":16,"column":5}},"type":"if","locations":[{"start":{"line":14,"column":4},"end":{"line":16,"column":5}}]},"2":{"loc":{"start":{"line":17,"column":4},"end":{"line":19,"column":5}},"type":"if","locations":[{"start":{"line":17,"column":4},"end":{"line":19,"column":5}}]}},"s":{"0":0,"1":0,"2":0,"3":0,"4":0,"5":0,"6":0,"7":0,"8":0,"9":0,"10":0,"11":0,"12":0,"13":0,"14":0,"15":0,"16":0,"17":0},"f":{"0":0},"b":{"0":[0],"1":[0],"2":[0]}}
,"/home/mohammedarshad/Documents/training/week2/day7/session-05-starter/middlewares/authorization.middleware.ts": {"path":"/home/mohammedarshad/Documents/training/week2/day7/session-05-starter/middlewares/authorization.middleware.ts","statementMap":{"0":{"start":{"line":2,"column":0},"end":{"line":2,"column":57}},"1":{"start":{"line":5,"column":25},"end":{"line":14,"column":1}},"2":{"start":{"line":6,"column":4},"end":{"line":13,"column":6}},"3":{"start":{"line":7,"column":25},"end":{"line":7,"column":39}},"4":{"start":{"line":8,"column":24},"end":{"line":8,"column":58}},"5":{"start":{"line":9,"column":8},"end":{"line":11,"column":9}},"6":{"start":{"line":10,"column":12},"end":{"line":10,"column":null}},"7":{"start":{"line":12,"column":8},"end":{"line":12,"column":null}},"8":{"start":{"line":5,"column":13},"end":{"line":5,"column":25}}},"fnMap":{"0":{"name":"(anonymous_1)","decl":{"start":{"line":5,"column":25},"end":{"line":5,"column":26}},"loc":{"start":{"line":5,"column":60},"end":{"line":14,"column":1}}},"1":{"name":"(anonymous_2)","decl":{"start":{"line":6,"column":11},"end":{"line":6,"column":12}},"loc":{"start":{"line":6,"column":64},"end":{"line":13,"column":5}}}},"branchMap":{"0":{"loc":{"start":{"line":7,"column":25},"end":{"line":7,"column":39}},"type":"cond-expr","locations":[{"start":{"line":7,"column":33},"end":{"line":7,"column":35}},{"start":{"line":7,"column":33},"end":{"line":7,"column":39}}]},"1":{"loc":{"start":{"line":7,"column":25},"end":{"line":7,"column":35}},"type":"binary-expr","locations":[{"start":{"line":7,"column":25},"end":{"line":7,"column":35}},{"start":{"line":7,"column":33},"end":{"line":7,"column":35}}]},"2":{"loc":{"start":{"line":9,"column":8},"end":{"line":11,"column":9}},"type":"if","locations":[{"start":{"line":9,"column":8},"end":{"line":11,"column":9}}]}},"s":{"0":0,"1":0,"2":0,"3":0,"4":0,"5":0,"6":0,"7":0,"8":0},"f":{"0":0,"1":0},"b":{"0":[0,0],"1":[0,0],"2":[0]}}
,"/home/mohammedarshad/Documents/training/week2/day7/session-05-starter/middlewares/error.middleware.ts": {"path":"/home/mohammedarshad/Documents/training/week2/day7/session-05-starter/middlewares/error.middleware.ts","statementMap":{"0":{"start":{"line":2,"column":0},"end":{"line":2,"column":57}},"1":{"start":{"line":4,"column":24},"end":{"line":23,"column":1}},"2":{"start":{"line":10,"column":4},"end":{"line":22,"column":5}},"3":{"start":{"line":11,"column":8},"end":{"line":19,"column":9}},"4":{"start":{"line":12,"column":35},"end":{"line":12,"column":54}},"5":{"start":{"line":13,"column":36},"end":{"line":13,"column":75}},"6":{"start":{"line":14,"column":27},"end":{"line":14,"column":47}},"7":{"start":{"line":15,"column":12},"end":{"line":15,"column":46}},"8":{"start":{"line":17,"column":12},"end":{"line":17,"column":39}},"9":{"start":{"line":18,"column":12},"end":{"line":18,"column":59}},"10":{"start":{"line":21,"column":8},"end":{"line":21,"column":20}},"11":{"start":{"line":24,"column":0},"end":{"line":24,"column":31}}},"fnMap":{"0":{"name":"(anonymous_1)","decl":{"start":{"line":4,"column":24},"end":{"line":4,"column":null}},"loc":{"start":{"line":9,"column":4},"end":{"line":23,"column":1}}}},"branchMap":{"0":{"loc":{"start":{"line":11,"column":8},"end":{"line":19,"column":9}},"type":"if","locations":[{"start":{"line":11,"column":8},"end":{"line":19,"column":9}},{"start":{"line":16,"column":15},"end":{"line":19,"column":9}}]},"1":{"loc":{"start":{"line":12,"column":35},"end":{"line":12,"column":54}},"type":"binary-expr","locations":[{"start":{"line":12,"column":35},"end":{"line":12,"column":47}},{"start":{"line":12,"column":51},"end":{"line":12,"column":54}}]},"2":{"loc":{"start":{"line":13,"column":36},"end":{"line":13,"column":75}},"type":"binary-expr","locations":[{"start":{"line":13,"column":36},"end":{"line":13,"column":49}},{"start":{"line":13,"column":53},"end":{"line":13,"column":75}}]}},"s":{"0":0,"1":0,"2":0,"3":0,"4":0,"5":0,"6":0,"7":0,"8":0,"9":0,"10":0,"11":0},"f":{"0":0},"b":{"0":[0,0],"1":[0,0],"2":[0,0]}}
,"/home/mohammedarshad/Documents/training/week2/day7/session-05-starter/repositories/department.repository.ts": {"path":"/home/mohammedarshad/Documents/training/week2/day7/session-05-starter/repositories/department.repository.ts","statementMap":{"0":{"start":{"line":5,"column":24},"end":{"line":5,"column":59}},"1":{"start":{"line":8,"column":8},"end":{"line":8,"column":null}},"2":{"start":{"line":12,"column":8},"end":{"line":12,"column":null}},"3":{"start":{"line":16,"column":8},"end":{"line":16,"column":null}},"4":{"start":{"line":20,"column":8},"end":{"line":20,"column":null}},"5":{"start":{"line":24,"column":8},"end":{"line":24,"column":null}},"6":{"start":{"line":28,"column":0},"end":{"line":28,"column":null}}},"fnMap":{"0":{"name":"(anonymous_7)","decl":{"start":{"line":5,"column":4},"end":{"line":5,"column":24}},"loc":{"start":{"line":5,"column":59},"end":{"line":5,"column":62}}},"1":{"name":"(anonymous_8)","decl":{"start":{"line":7,"column":10},"end":{"line":7,"column":16}},"loc":{"start":{"line":7,"column":38},"end":{"line":9,"column":null}}},"2":{"name":"(anonymous_10)","decl":{"start":{"line":11,"column":10},"end":{"line":11,"column":17}},"loc":{"start":{"line":11,"column":17},"end":{"line":13,"column":null}}},"3":{"name":"(anonymous_12)","decl":{"start":{"line":15,"column":10},"end":{"line":15,"column":21}},"loc":{"start":{"line":15,"column":34},"end":{"line":17,"column":null}}},"4":{"name":"(anonymous_14)","decl":{"start":{"line":19,"column":10},"end":{"line":19,"column":16}},"loc":{"start":{"line":19,"column":26},"end":{"line":21,"column":null}}},"5":{"name":"(anonymous_16)","decl":{"start":{"line":23,"column":10},"end":{"line":23,"column":16}},"loc":{"start":{"line":23,"column":50},"end":{"line":25,"column":null}}}},"branchMap":{},"s":{"0":0,"1":0,"2":0,"3":0,"4":0,"5":0,"6":0},"f":{"0":0,"1":0,"2":0,"3":0,"4":0,"5":0},"b":{}}
,"/home/mohammedarshad/Documents/training/week2/day7/session-05-starter/repositories/employee.repository.ts": {"path":"/home/mohammedarshad/Documents/training/week2/day7/session-05-starter/repositories/employee.repository.ts","statementMap":{"0":{"start":{"line":5,"column":24},"end":{"line":5,"column":56}},"1":{"start":{"line":8,"column":8},"end":{"line":8,"column":46}},"2":{"start":{"line":12,"column":8},"end":{"line":17,"column":11}},"3":{"start":{"line":21,"column":8},"end":{"line":21,"column":null}},"4":{"start":{"line":25,"column":8},"end":{"line":25,"column":80}},"5":{"start":{"line":29,"column":8},"end":{"line":29,"column":54}},"6":{"start":{"line":33,"column":8},"end":{"line":33,"column":null}},"7":{"start":{"line":37,"column":8},"end":{"line":37,"column":null}},"8":{"start":{"line":41,"column":0},"end":{"line":41,"column":null}}},"fnMap":{"0":{"name":"(anonymous_7)","decl":{"start":{"line":5,"column":4},"end":{"line":5,"column":24}},"loc":{"start":{"line":5,"column":56},"end":{"line":5,"column":60}}},"1":{"name":"(anonymous_8)","decl":{"start":{"line":7,"column":10},"end":{"line":7,"column":16}},"loc":{"start":{"line":7,"column":35},"end":{"line":9,"column":null}}},"2":{"name":"(anonymous_10)","decl":{"start":{"line":11,"column":10},"end":{"line":11,"column":17}},"loc":{"start":{"line":11,"column":17},"end":{"line":18,"column":null}}},"3":{"name":"(anonymous_12)","decl":{"start":{"line":20,"column":10},"end":{"line":20,"column":24}},"loc":{"start":{"line":20,"column":37},"end":{"line":22,"column":null}}},"4":{"name":"(anonymous_14)","decl":{"start":{"line":24,"column":10},"end":{"line":24,"column":21}},"loc":{"start":{"line":24,"column":32},"end":{"line":26,"column":null}}},"5":{"name":"(anonymous_16)","decl":{"start":{"line":28,"column":10},"end":{"line":28,"column":16}},"loc":{"start":{"line":28,"column":49},"end":{"line":30,"column":null}}},"6":{"name":"(anonymous_18)","decl":{"start":{"line":32,"column":10},"end":{"line":32,"column":16}},"loc":{"start":{"line":32,"column":28},"end":{"line":34,"column":null}}},"7":{"name":"(anonymous_20)","decl":{"start":{"line":36,"column":10},"end":{"line":36,"column":16}},"loc":{"start":{"line":36,"column":36},"end":{"line":38,"column":null}}}},"branchMap":{},"s":{"0":1,"1":0,"2":1,"3":0,"4":0,"5":0,"6":0,"7":0,"8":1},"f":{"0":1,"1":0,"2":1,"3":0,"4":0,"5":0,"6":0,"7":0},"b":{}}
,"/home/mohammedarshad/Documents/training/week2/day7/session-05-starter/routes/auth.route.ts": {"path":"/home/mohammedarshad/Documents/training/week2/day7/session-05-starter/routes/auth.route.ts","statementMap":{"0":{"start":{"line":1,"column":0},"end":{"line":1,"column":59}},"1":{"start":{"line":2,"column":0},"end":{"line":2,"column":50}},"2":{"start":{"line":3,"column":0},"end":{"line":3,"column":29}},"3":{"start":{"line":4,"column":0},"end":{"line":4,"column":50}},"4":{"start":{"line":6,"column":19},"end":{"line":6,"column":39}},"5":{"start":{"line":8,"column":20},"end":{"line":8,"column":52}},"6":{"start":{"line":9,"column":23},"end":{"line":9,"column":65}},"7":{"start":{"line":11,"column":0},"end":{"line":11,"column":null}}},"fnMap":{},"branchMap":{},"s":{"0":0,"1":0,"2":0,"3":0,"4":0,"5":0,"6":0,"7":0},"f":{},"b":{}}
,"/home/mohammedarshad/Documents/training/week2/day7/session-05-starter/routes/department.route.ts": {"path":"/home/mohammedarshad/Documents/training/week2/day7/session-05-starter/routes/department.route.ts","statementMap":{"0":{"start":{"line":1,"column":0},"end":{"line":1,"column":29}},"1":{"start":{"line":2,"column":0},"end":{"line":2,"column":42}},"2":{"start":{"line":3,"column":0},"end":{"line":3,"column":72}},"3":{"start":{"line":4,"column":0},"end":{"line":4,"column":54}},"4":{"start":{"line":5,"column":0},"end":{"line":5,"column":62}},"5":{"start":{"line":6,"column":0},"end":{"line":6,"column":71}},"6":{"start":{"line":8,"column":25},"end":{"line":8,"column":41}},"7":{"start":{"line":10,"column":13},"end":{"line":10,"column":null}},"8":{"start":{"line":11,"column":26},"end":{"line":11,"column":69}},"9":{"start":{"line":12,"column":29},"end":{"line":12,"column":91}},"10":{"start":{"line":14,"column":0},"end":{"line":14,"column":null}}},"fnMap":{},"branchMap":{},"s":{"0":0,"1":0,"2":0,"3":0,"4":0,"5":0,"6":0,"7":0,"8":0,"9":0,"10":0},"f":{},"b":{}}
,"/home/mohammedarshad/Documents/training/week2/day7/session-05-starter/routes/employee.route.ts": {"path":"/home/mohammedarshad/Documents/training/week2/day7/session-05-starter/routes/employee.route.ts","statementMap":{"0":{"start":{"line":1,"column":0},"end":{"line":1,"column":29}},"1":{"start":{"line":2,"column":0},"end":{"line":2,"column":68}},"2":{"start":{"line":3,"column":0},"end":{"line":3,"column":58}},"3":{"start":{"line":4,"column":0},"end":{"line":4,"column":42}},"4":{"start":{"line":5,"column":0},"end":{"line":5,"column":50}},"5":{"start":{"line":6,"column":0},"end":{"line":6,"column":67}},"6":{"start":{"line":8,"column":23},"end":{"line":8,"column":39}},"7":{"start":{"line":10,"column":27},"end":{"line":10,"column":85}},"8":{"start":{"line":11,"column":24},"end":{"line":11,"column":63}},"9":{"start":{"line":14,"column":8},"end":{"line":14,"column":23}},"10":{"start":{"line":12,"column":27},"end":{"line":12,"column":81}},"11":{"start":{"line":15,"column":0},"end":{"line":15,"column":null}}},"fnMap":{},"branchMap":{},"s":{"0":0,"1":0,"2":0,"3":0,"4":0,"5":0,"6":0,"7":0,"8":0,"9":0,"10":0,"11":0},"f":{},"b":{}}
,"/home/mohammedarshad/Documents/training/week2/day7/session-05-starter/services/airbag.service.ts": {"path":"/home/mohammedarshad/Documents/training/week2/day7/session-05-starter/services/airbag.service.ts","statementMap":{"0":{"start":{"line":39,"column":14},"end":{"line":39,"column":33}},"1":{"start":{"line":40,"column":14},"end":{"line":40,"column":36}},"2":{"start":{"line":48,"column":6},"end":{"line":53,"column":7}},"3":{"start":{"line":49,"column":22},"end":{"line":49,"column":43}},"4":{"start":{"line":50,"column":23},"end":{"line":50,"column":45}},"5":{"start":{"line":51,"column":8},"end":{"line":51,"column":44}},"6":{"start":{"line":52,"column":8},"end":{"line":52,"column":50}},"7":{"start":{"line":54,"column":6},"end":{"line":54,"column":34}},"8":{"start":{"line":62,"column":6},"end":{"line":62,"column":17}},"9":{"start":{"line":70,"column":6},"end":{"line":70,"column":16}},"10":{"start":{"line":37,"column":2},"end":{"line":37,"column":15}}},"fnMap":{"0":{"name":"(anonymous_0)","decl":{"start":{"line":38,"column":4},"end":{"line":38,"column":null}},"loc":{"start":{"line":40,"column":36},"end":{"line":41,"column":8}}},"1":{"name":"(anonymous_1)","decl":{"start":{"line":47,"column":4},"end":{"line":47,"column":16}},"loc":{"start":{"line":47,"column":16},"end":{"line":55,"column":5}}},"2":{"name":"(anonymous_2)","decl":{"start":{"line":60,"column":12},"end":{"line":60,"column":26}},"loc":{"start":{"line":60,"column":26},"end":{"line":63,"column":5}}},"3":{"name":"(anonymous_3)","decl":{"start":{"line":68,"column":12},"end":{"line":68,"column":27}},"loc":{"start":{"line":68,"column":27},"end":{"line":71,"column":5}}}},"branchMap":{"0":{"loc":{"start":{"line":48,"column":6},"end":{"line":53,"column":7}},"type":"if","locations":[{"start":{"line":48,"column":6},"end":{"line":53,"column":7}}]}},"s":{"0":2,"1":2,"2":2,"3":1,"4":1,"5":1,"6":1,"7":1,"8":1,"9":1,"10":1},"f":{"0":2,"1":2,"2":1,"3":1},"b":{"0":[1]}}
,"/home/mohammedarshad/Documents/training/week2/day7/session-05-starter/services/auth.service.ts": {"path":"/home/mohammedarshad/Documents/training/week2/day7/session-05-starter/services/auth.service.ts","statementMap":{"0":{"start":{"line":1,"column":0},"end":{"line":1,"column":31}},"1":{"start":{"line":3,"column":0},"end":{"line":3,"column":57}},"2":{"start":{"line":5,"column":0},"end":{"line":5,"column":28}},"3":{"start":{"line":6,"column":0},"end":{"line":6,"column":62}},"4":{"start":{"line":7,"column":0},"end":{"line":7,"column":49}},"5":{"start":{"line":11,"column":24},"end":{"line":11,"column":56}},"6":{"start":{"line":10,"column":12},"end":{"line":10,"column":null}},"7":{"start":{"line":14,"column":25},"end":{"line":14,"column":77}},"8":{"start":{"line":15,"column":8},"end":{"line":18,"column":9}},"9":{"start":{"line":16,"column":12},"end":{"line":16,"column":null}},"10":{"start":{"line":17,"column":12},"end":{"line":17,"column":57}},"11":{"start":{"line":19,"column":32},"end":{"line":21,"column":null}},"12":{"start":{"line":23,"column":8},"end":{"line":26,"column":9}},"13":{"start":{"line":24,"column":12},"end":{"line":24,"column":null}},"14":{"start":{"line":25,"column":12},"end":{"line":25,"column":61}},"15":{"start":{"line":28,"column":36},"end":{"line":32,"column":10}},"16":{"start":{"line":34,"column":22},"end":{"line":36,"column":10}},"17":{"start":{"line":37,"column":8},"end":{"line":37,"column":null}},"18":{"start":{"line":38,"column":8},"end":{"line":41,"column":10}},"19":{"start":{"line":45,"column":0},"end":{"line":45,"column":27}}},"fnMap":{"0":{"name":"(anonymous_8)","decl":{"start":{"line":11,"column":4},"end":{"line":11,"column":24}},"loc":{"start":{"line":11,"column":56},"end":{"line":11,"column":60}}},"1":{"name":"(anonymous_9)","decl":{"start":{"line":13,"column":10},"end":{"line":13,"column":15}},"loc":{"start":{"line":13,"column":47},"end":{"line":42,"column":null}}}},"branchMap":{"0":{"loc":{"start":{"line":15,"column":8},"end":{"line":18,"column":9}},"type":"if","locations":[{"start":{"line":15,"column":8},"end":{"line":18,"column":9}}]},"1":{"loc":{"start":{"line":23,"column":8},"end":{"line":26,"column":9}},"type":"if","locations":[{"start":{"line":23,"column":8},"end":{"line":26,"column":9}}]}},"s":{"0":0,"1":0,"2":0,"3":0,"4":0,"5":0,"6":0,"7":0,"8":0,"9":0,"10":0,"11":0,"12":0,"13":0,"14":0,"15":0,"16":0,"17":0,"18":0,"19":0},"f":{"0":0,"1":0},"b":{"0":[0],"1":[0]}}
,"/home/mohammedarshad/Documents/training/week2/day7/session-05-starter/services/department.service.ts": {"path":"/home/mohammedarshad/Documents/training/week2/day7/session-05-starter/services/department.service.ts","statementMap":{"0":{"start":{"line":1,"column":0},"end":{"line":1,"column":55}},"1":{"start":{"line":3,"column":0},"end":{"line":3,"column":57}},"2":{"start":{"line":6,"column":0},"end":{"line":6,"column":59}},"3":{"start":{"line":7,"column":0},"end":{"line":7,"column":49}},"4":{"start":{"line":11,"column":24},"end":{"line":11,"column":67}},"5":{"start":{"line":10,"column":12},"end":{"line":10,"column":null}},"6":{"start":{"line":14,"column":27},"end":{"line":14,"column":43}},"7":{"start":{"line":15,"column":8},"end":{"line":15,"column":null}},"8":{"start":{"line":16,"column":8},"end":{"line":16,"column":null}},"9":{"start":{"line":17,"column":8},"end":{"line":17,"column":null}},"10":{"start":{"line":18,"column":8},"end":{"line":18,"column":null}},"11":{"start":{"line":22,"column":8},"end":{"line":22,"column":null}},"12":{"start":{"line":23,"column":8},"end":{"line":23,"column":null}},"13":{"start":{"line":27,"column":35},"end":{"line":27,"column":82}},"14":{"start":{"line":28,"column":8},"end":{"line":31,"column":9}},"15":{"start":{"line":29,"column":12},"end":{"line":29,"column":null}},"16":{"start":{"line":30,"column":12},"end":{"line":30,"column":null}},"17":{"start":{"line":32,"column":8},"end":{"line":32,"column":null}},"18":{"start":{"line":33,"column":8},"end":{"line":33,"column":null}},"19":{"start":{"line":37,"column":27},"end":{"line":37,"column":74}},"20":{"start":{"line":38,"column":8},"end":{"line":41,"column":9}},"21":{"start":{"line":39,"column":12},"end":{"line":39,"column":null}},"22":{"start":{"line":40,"column":12},"end":{"line":40,"column":null}},"23":{"start":{"line":42,"column":25},"end":{"line":42,"column":74}},"24":{"start":{"line":43,"column":8},"end":{"line":43,"column":null}},"25":{"start":{"line":44,"column":8},"end":{"line":44,"column":null}},"26":{"start":{"line":45,"column":8},"end":{"line":45,"column":null}},"27":{"start":{"line":46,"column":8},"end":{"line":46,"column":null}},"28":{"start":{"line":51,"column":27},"end":{"line":51,"column":74}},"29":{"start":{"line":52,"column":8},"end":{"line":55,"column":9}},"30":{"start":{"line":53,"column":12},"end":{"line":53,"column":null}},"31":{"start":{"line":54,"column":12},"end":{"line":54,"column":null}},"32":{"start":{"line":56,"column":25},"end":{"line":56,"column":74}},"33":{"start":{"line":57,"column":8},"end":{"line":60,"column":9}},"34":{"start":{"line":58,"column":12},"end":{"line":58,"column":null}},"35":{"start":{"line":59,"column":12},"end":{"line":59,"column":null}},"36":{"start":{"line":61,"column":18},"end":{"line":61,"column":56}},"37":{"start":{"line":62,"column":8},"end":{"line":62,"column":null}},"38":{"start":{"line":63,"column":8},"end":{"line":63,"column":null}},"39":{"start":{"line":64,"column":8},"end":{"line":64,"column":null}},"40":{"start":{"line":65,"column":8},"end":{"line":65,"column":null}},"41":{"start":{"line":71,"column":27},"end":{"line":71,"column":74}},"42":{"start":{"line":72,"column":8},"end":{"line":75,"column":9}},"43":{"start":{"line":73,"column":12},"end":{"line":73,"column":null}},"44":{"start":{"line":74,"column":12},"end":{"line":74,"column":null}},"45":{"start":{"line":76,"column":8},"end":{"line":76,"column":null}},"46":{"start":{"line":77,"column":8},"end":{"line":77,"column":null}},"47":{"start":{"line":81,"column":35},"end":{"line":81,"column":82}},"48":{"start":{"line":82,"column":8},"end":{"line":85,"column":9}},"49":{"start":{"line":83,"column":12},"end":{"line":83,"column":null}},"50":{"start":{"line":84,"column":12},"end":{"line":84,"column":null}},"51":{"start":{"line":86,"column":8},"end":{"line":86,"column":null}},"52":{"start":{"line":87,"column":8},"end":{"line":87,"column":null}},"53":{"start":{"line":88,"column":8},"end":{"line":88,"column":null}},"54":{"start":{"line":92,"column":0},"end":{"line":92,"column":null}}},"fnMap":{"0":{"name":"(anonymous_8)","decl":{"start":{"line":11,"column":4},"end":{"line":11,"column":24}},"loc":{"start":{"line":11,"column":67},"end":{"line":11,"column":70}}},"1":{"name":"(anonymous_9)","decl":{"start":{"line":13,"column":10},"end":{"line":13,"column":26}},"loc":{"start":{"line":13,"column":38},"end":{"line":19,"column":null}}},"2":{"name":"(anonymous_11)","decl":{"start":{"line":21,"column":10},"end":{"line":21,"column":27}},"loc":{"start":{"line":21,"column":27},"end":{"line":24,"column":null}}},"3":{"name":"(anonymous_13)","decl":{"start":{"line":26,"column":10},"end":{"line":26,"column":36}},"loc":{"start":{"line":26,"column":47},"end":{"line":34,"column":null}}},"4":{"name":"(anonymous_15)","decl":{"start":{"line":36,"column":10},"end":{"line":36,"column":37}},"loc":{"start":{"line":36,"column":68},"end":{"line":48,"column":null}}},"5":{"name":"(anonymous_17)","decl":{"start":{"line":50,"column":10},"end":{"line":50,"column":42}},"loc":{"start":{"line":50,"column":73},"end":{"line":68,"column":null}}},"6":{"name":"(anonymous_19)","decl":{"start":{"line":70,"column":10},"end":{"line":70,"column":26}},"loc":{"start":{"line":70,"column":37},"end":{"line":78,"column":null}}},"7":{"name":"(anonymous_21)","decl":{"start":{"line":80,"column":10},"end":{"line":80,"column":26}},"loc":{"start":{"line":80,"column":52},"end":{"line":89,"column":null}}}},"branchMap":{"0":{"loc":{"start":{"line":28,"column":8},"end":{"line":31,"column":9}},"type":"if","locations":[{"start":{"line":28,"column":8},"end":{"line":31,"column":9}}]},"1":{"loc":{"start":{"line":38,"column":8},"end":{"line":41,"column":9}},"type":"if","locations":[{"start":{"line":38,"column":8},"end":{"line":41,"column":9}}]},"2":{"loc":{"start":{"line":52,"column":8},"end":{"line":55,"column":9}},"type":"if","locations":[{"start":{"line":52,"column":8},"end":{"line":55,"column":9}}]},"3":{"loc":{"start":{"line":57,"column":8},"end":{"line":60,"column":9}},"type":"if","locations":[{"start":{"line":57,"column":8},"end":{"line":60,"column":9}}]},"4":{"loc":{"start":{"line":72,"column":8},"end":{"line":75,"column":9}},"type":"if","locations":[{"start":{"line":72,"column":8},"end":{"line":75,"column":9}}]},"5":{"loc":{"start":{"line":82,"column":8},"end":{"line":85,"column":9}},"type":"if","locations":[{"start":{"line":82,"column":8},"end":{"line":85,"column":9}}]}},"s":{"0":0,"1":0,"2":0,"3":0,"4":0,"5":0,"6":0,"7":0,"8":0,"9":0,"10":0,"11":0,"12":0,"13":0,"14":0,"15":0,"16":0,"17":0,"18":0,"19":0,"20":0,"21":0,"22":0,"23":0,"24":0,"25":0,"26":0,"27":0,"28":0,"29":0,"30":0,"31":0,"32":0,"33":0,"34":0,"35":0,"36":0,"37":0,"38":0,"39":0,"40":0,"41":0,"42":0,"43":0,"44":0,"45":0,"46":0,"47":0,"48":0,"49":0,"50":0,"51":0,"52":0,"53":0,"54":0},"f":{"0":0,"1":0,"2":0,"3":0,"4":0,"5":0,"6":0,"7":0},"b":{"0":[0],"1":[0],"2":[0],"3":[0],"4":[0],"5":[0]}}
,"/home/mohammedarshad/Documents/training/week2/day7/session-05-starter/services/employee.service.ts": {"path":"/home/mohammedarshad/Documents/training/week2/day7/session-05-starter/services/employee.service.ts","statementMap":{"0":{"start":{"line":2,"column":0},"end":{"line":2,"column":null}},"1":{"start":{"line":7,"column":0},"end":{"line":7,"column":49}},"2":{"start":{"line":9,"column":0},"end":{"line":9,"column":28}},"3":{"start":{"line":10,"column":0},"end":{"line":10,"column":57}},"4":{"start":{"line":11,"column":0},"end":{"line":11,"column":49}},"5":{"start":{"line":13,"column":0},"end":{"line":13,"column":66}},"6":{"start":{"line":18,"column":24},"end":{"line":18,"column":62}},"7":{"start":{"line":16,"column":12},"end":{"line":16,"column":69}},"8":{"start":{"line":21,"column":25},"end":{"line":21,"column":70}},"9":{"start":{"line":22,"column":8},"end":{"line":25,"column":9}},"10":{"start":{"line":23,"column":12},"end":{"line":23,"column":52}},"11":{"start":{"line":24,"column":12},"end":{"line":24,"column":63}},"12":{"start":{"line":26,"column":8},"end":{"line":26,"column":46}},"13":{"start":{"line":27,"column":8},"end":{"line":27,"column":61}},"14":{"start":{"line":31,"column":8},"end":{"line":31,"column":52}},"15":{"start":{"line":32,"column":8},"end":{"line":32,"column":49}},"16":{"start":{"line":36,"column":25},"end":{"line":36,"column":70}},"17":{"start":{"line":37,"column":8},"end":{"line":40,"column":9}},"18":{"start":{"line":38,"column":12},"end":{"line":38,"column":52}},"19":{"start":{"line":39,"column":12},"end":{"line":39,"column":63}},"20":{"start":{"line":41,"column":8},"end":{"line":41,"column":46}},"21":{"start":{"line":42,"column":8},"end":{"line":42,"column":24}},"22":{"start":{"line":58,"column":27},"end":{"line":58,"column":40}},"23":{"start":{"line":59,"column":8},"end":{"line":59,"column":46}},"24":{"start":{"line":60,"column":8},"end":{"line":60,"column":41}},"25":{"start":{"line":61,"column":8},"end":{"line":61,"column":41}},"26":{"start":{"line":62,"column":8},"end":{"line":62,"column":45}},"27":{"start":{"line":64,"column":18},"end":{"line":64,"column":32}},"28":{"start":{"line":65,"column":8},"end":{"line":65,"column":22}},"29":{"start":{"line":66,"column":8},"end":{"line":66,"column":24}},"30":{"start":{"line":67,"column":8},"end":{"line":67,"column":20}},"31":{"start":{"line":68,"column":8},"end":{"line":68,"column":31}},"32":{"start":{"line":69,"column":8},"end":{"line":69,"column":53}},"33":{"start":{"line":70,"column":8},"end":{"line":70,"column":22}},"34":{"start":{"line":71,"column":8},"end":{"line":71,"column":34}},"35":{"start":{"line":72,"column":8},"end":{"line":72,"column":34}},"36":{"start":{"line":73,"column":8},"end":{"line":73,"column":36}},"37":{"start":{"line":74,"column":8},"end":{"line":74,"column":26}},"38":{"start":{"line":75,"column":20},"end":{"line":75,"column":73}},"39":{"start":{"line":76,"column":8},"end":{"line":79,"column":9}},"40":{"start":{"line":77,"column":12},"end":{"line":77,"column":54}},"41":{"start":{"line":78,"column":12},"end":{"line":78,"column":65}},"42":{"start":{"line":80,"column":8},"end":{"line":80,"column":27}},"43":{"start":{"line":81,"column":8},"end":{"line":81,"column":45}},"44":{"start":{"line":82,"column":8},"end":{"line":82,"column":49}},"45":{"start":{"line":87,"column":18},"end":{"line":87,"column":63}},"46":{"start":{"line":88,"column":8},"end":{"line":91,"column":9}},"47":{"start":{"line":89,"column":12},"end":{"line":89,"column":52}},"48":{"start":{"line":90,"column":12},"end":{"line":90,"column":63}},"49":{"start":{"line":92,"column":8},"end":{"line":92,"column":48}},"50":{"start":{"line":109,"column":33},"end":{"line":109,"column":78}},"51":{"start":{"line":110,"column":8},"end":{"line":113,"column":9}},"52":{"start":{"line":111,"column":12},"end":{"line":111,"column":52}},"53":{"start":{"line":112,"column":12},"end":{"line":112,"column":63}},"54":{"start":{"line":115,"column":8},"end":{"line":115,"column":37}},"55":{"start":{"line":116,"column":8},"end":{"line":116,"column":39}},"56":{"start":{"line":117,"column":8},"end":{"line":117,"column":35}},"57":{"start":{"line":118,"column":8},"end":{"line":118,"column":60}},"58":{"start":{"line":119,"column":8},"end":{"line":119,"column":null}},"59":{"start":{"line":120,"column":8},"end":{"line":120,"column":null}},"60":{"start":{"line":121,"column":8},"end":{"line":121,"column":null}},"61":{"start":{"line":122,"column":8},"end":{"line":122,"column":68}},"62":{"start":{"line":123,"column":8},"end":{"line":123,"column":37}},"63":{"start":{"line":124,"column":8},"end":{"line":124,"column":49}},"64":{"start":{"line":125,"column":8},"end":{"line":125,"column":49}},"65":{"start":{"line":126,"column":8},"end":{"line":126,"column":51}},"66":{"start":{"line":127,"column":8},"end":{"line":127,"column":41}},"67":{"start":{"line":128,"column":20},"end":{"line":128,"column":73}},"68":{"start":{"line":129,"column":8},"end":{"line":132,"column":9}},"69":{"start":{"line":130,"column":12},"end":{"line":130,"column":54}},"70":{"start":{"line":131,"column":12},"end":{"line":131,"column":65}},"71":{"start":{"line":133,"column":8},"end":{"line":133,"column":42}},"72":{"start":{"line":134,"column":8},"end":{"line":134,"column":67}},"73":{"start":{"line":135,"column":8},"end":{"line":135,"column":null}},"74":{"start":{"line":139,"column":33},"end":{"line":139,"column":78}},"75":{"start":{"line":140,"column":8},"end":{"line":143,"column":9}},"76":{"start":{"line":141,"column":12},"end":{"line":141,"column":52}},"77":{"start":{"line":142,"column":12},"end":{"line":142,"column":63}},"78":{"start":{"line":144,"column":8},"end":{"line":144,"column":49}},"79":{"start":{"line":145,"column":8},"end":{"line":145,"column":67}},"80":{"start":{"line":149,"column":0},"end":{"line":149,"column":31}}},"fnMap":{"0":{"name":"(anonymous_8)","decl":{"start":{"line":18,"column":4},"end":{"line":18,"column":24}},"loc":{"start":{"line":18,"column":62},"end":{"line":18,"column":66}}},"1":{"name":"(anonymous_9)","decl":{"start":{"line":20,"column":10},"end":{"line":20,"column":28}},"loc":{"start":{"line":20,"column":42},"end":{"line":28,"column":null}}},"2":{"name":"(anonymous_11)","decl":{"start":{"line":30,"column":10},"end":{"line":30,"column":25}},"loc":{"start":{"line":30,"column":25},"end":{"line":33,"column":null}}},"3":{"name":"(anonymous_13)","decl":{"start":{"line":35,"column":10},"end":{"line":35,"column":25}},"loc":{"start":{"line":35,"column":36},"end":{"line":43,"column":null}}},"4":{"name":"(anonymous_15)","decl":{"start":{"line":45,"column":10},"end":{"line":45,"column":24}},"loc":{"start":{"line":56,"column":29},"end":{"line":83,"column":null}}},"5":{"name":"(anonymous_17)","decl":{"start":{"line":85,"column":10},"end":{"line":85,"column":28}},"loc":{"start":{"line":85,"column":39},"end":{"line":93,"column":null}}},"6":{"name":"(anonymous_19)","decl":{"start":{"line":95,"column":10},"end":{"line":95,"column":24}},"loc":{"start":{"line":107,"column":29},"end":{"line":136,"column":null}}},"7":{"name":"(anonymous_21)","decl":{"start":{"line":138,"column":10},"end":{"line":138,"column":34}},"loc":{"start":{"line":138,"column":69},"end":{"line":146,"column":null}}}},"branchMap":{"0":{"loc":{"start":{"line":22,"column":8},"end":{"line":25,"column":9}},"type":"if","locations":[{"start":{"line":22,"column":8},"end":{"line":25,"column":9}}]},"1":{"loc":{"start":{"line":37,"column":8},"end":{"line":40,"column":9}},"type":"if","locations":[{"start":{"line":37,"column":8},"end":{"line":40,"column":9}}]},"2":{"loc":{"start":{"line":76,"column":8},"end":{"line":79,"column":9}},"type":"if","locations":[{"start":{"line":76,"column":8},"end":{"line":79,"column":9}}]},"3":{"loc":{"start":{"line":88,"column":8},"end":{"line":91,"column":9}},"type":"if","locations":[{"start":{"line":88,"column":8},"end":{"line":91,"column":9}}]},"4":{"loc":{"start":{"line":110,"column":8},"end":{"line":113,"column":9}},"type":"if","locations":[{"start":{"line":110,"column":8},"end":{"line":113,"column":9}}]},"5":{"loc":{"start":{"line":129,"column":8},"end":{"line":132,"column":9}},"type":"if","locations":[{"start":{"line":129,"column":8},"end":{"line":132,"column":9}}]},"6":{"loc":{"start":{"line":140,"column":8},"end":{"line":143,"column":9}},"type":"if","locations":[{"start":{"line":140,"column":8},"end":{"line":143,"column":9}}]}},"s":{"0":0,"1":0,"2":0,"3":0,"4":0,"5":0,"6":0,"7":0,"8":0,"9":0,"10":0,"11":0,"12":0,"13":0,"14":0,"15":0,"16":0,"17":0,"18":0,"19":0,"20":0,"21":0,"22":0,"23":0,"24":0,"25":0,"26":0,"27":0,"28":0,"29":0,"30":0,"31":0,"32":0,"33":0,"34":0,"35":0,"36":0,"37":0,"38":0,"39":0,"40":0,"41":0,"42":0,"43":0,"44":0,"45":0,"46":0,"47":0,"48":0,"49":0,"50":0,"51":0,"52":0,"53":0,"54":0,"55":0,"56":0,"57":0,"58":0,"59":0,"60":0,"61":0,"62":0,"63":0,"64":0,"65":0,"66":0,"67":0,"68":0,"69":0,"70":0,"71":0,"72":0,"73":0,"74":0,"75":0,"76":0,"77":0,"78":0,"79":0,"80":0},"f":{"0":0,"1":0,"2":0,"3":0,"4":0,"5":0,"6":0,"7":0},"b":{"0":[0],"1":[0],"2":[0],"3":[0],"4":[0],"5":[0],"6":[0]}}
,"/home/mohammedarshad/Documents/training/week2/day7/session-05-starter/services/logger.service.ts": {"path":"/home/mohammedarshad/Documents/training/week2/day7/session-05-starter/services/logger.service.ts","statementMap":{"0":{"start":{"line":1,"column":0},"end":{"line":1,"column":68}},"1":{"start":{"line":9,"column":4},"end":{"line":9,"column":61}},"2":{"start":{"line":10,"column":4},"end":{"line":10,"column":27}},"3":{"start":{"line":19,"column":4},"end":{"line":19,"column":56}},"4":{"start":{"line":20,"column":4},"end":{"line":20,"column":34}},"5":{"start":{"line":24,"column":22},"end":{"line":25,"column":null}},"6":{"start":{"line":25,"column":16},"end":{"line":25,"column":67}},"7":{"start":{"line":27,"column":26},"end":{"line":35,"column":6}},"8":{"start":{"line":36,"column":4},"end":{"line":39,"column":7}},"9":{"start":{"line":43,"column":23},"end":{"line":43,"column":35}},"10":{"start":{"line":45,"column":6},"end":{"line":47,"column":17}},"11":{"start":{"line":48,"column":4},"end":{"line":51,"column":6}},"12":{"start":{"line":62,"column":4},"end":{"line":62,"column":37}},"13":{"start":{"line":66,"column":4},"end":{"line":66,"column":36}},"14":{"start":{"line":70,"column":4},"end":{"line":70,"column":37}},"15":{"start":{"line":74,"column":4},"end":{"line":74,"column":36}},"16":{"start":{"line":3,"column":0},"end":{"line":3,"column":13}}},"fnMap":{"0":{"name":"(anonymous_0)","decl":{"start":{"line":8,"column":2},"end":{"line":8,"column":14}},"loc":{"start":{"line":8,"column":29},"end":{"line":11,"column":3}}},"1":{"name":"(anonymous_1)","decl":{"start":{"line":18,"column":9},"end":{"line":18,"column":15}},"loc":{"start":{"line":18,"column":43},"end":{"line":21,"column":3}}},"2":{"name":"(anonymous_2)","decl":{"start":{"line":23,"column":10},"end":{"line":23,"column":16}},"loc":{"start":{"line":23,"column":36},"end":{"line":40,"column":3}}},"3":{"name":"(anonymous_3)","decl":{"start":{"line":25,"column":6},"end":{"line":25,"column":7}},"loc":{"start":{"line":25,"column":16},"end":{"line":25,"column":67}}},"4":{"name":"(anonymous_4)","decl":{"start":{"line":42,"column":10},"end":{"line":42,"column":19}},"loc":{"start":{"line":42,"column":50},"end":{"line":52,"column":3}}},"5":{"name":"(anonymous_5)","decl":{"start":{"line":61,"column":2},"end":{"line":61,"column":7}},"loc":{"start":{"line":61,"column":20},"end":{"line":63,"column":3}}},"6":{"name":"(anonymous_6)","decl":{"start":{"line":65,"column":2},"end":{"line":65,"column":6}},"loc":{"start":{"line":65,"column":19},"end":{"line":67,"column":3}}},"7":{"name":"(anonymous_7)","decl":{"start":{"line":69,"column":2},"end":{"line":69,"column":7}},"loc":{"start":{"line":69,"column":20},"end":{"line":71,"column":3}}},"8":{"name":"(anonymous_8)","decl":{"start":{"line":73,"column":2},"end":{"line":73,"column":6}},"loc":{"start":{"line":73,"column":19},"end":{"line":75,"column":3}}}},"branchMap":{"0":{"loc":{"start":{"line":45,"column":6},"end":{"line":47,"column":17}},"type":"cond-expr","locations":[{"start":{"line":46,"column":10},"end":{"line":46,"column":42}},{"start":{"line":47,"column":10},"end":{"line":47,"column":17}}]},"1":{"loc":{"start":{"line":45,"column":6},"end":{"line":45,"column":44}},"type":"binary-expr","locations":[{"start":{"line":45,"column":6},"end":{"line":45,"column":33}},{"start":{"line":45,"column":37},"end":{"line":45,"column":44}}]}},"s":{"0":0,"1":0,"2":0,"3":0,"4":0,"5":0,"6":0,"7":0,"8":0,"9":0,"10":0,"11":0,"12":0,"13":0,"14":0,"15":0,"16":0},"f":{"0":0,"1":0,"2":0,"3":0,"4":0,"5":0,"6":0,"7":0,"8":0},"b":{"0":[0,0],"1":[0,0]}}
,"/home/mohammedarshad/Documents/training/week2/day7/session-05-starter/types/express.d.ts": {"path":"/home/mohammedarshad/Documents/training/week2/day7/session-05-starter/types/express.d.ts","statementMap":{},"fnMap":{},"branchMap":{},"s":{},"f":{},"b":{}}
,"/home/mohammedarshad/Documents/training/week2/day7/session-05-starter/utils/constants.ts": {"path":"/home/mohammedarshad/Documents/training/week2/day7/session-05-starter/utils/constants.ts","statementMap":{"0":{"start":{"line":1,"column":13},"end":{"line":1,"column":41}},"1":{"start":{"line":2,"column":13},"end":{"line":2,"column":null}}},"fnMap":{},"branchMap":{},"s":{"0":0,"1":0},"f":{},"b":{}}
,"/home/mohammedarshad/Documents/training/week2/day7/session-05-starter/validators/email.validator.ts": {"path":"/home/mohammedarshad/Documents/training/week2/day7/session-05-starter/validators/email.validator.ts","statementMap":{"0":{"start":{"line":1,"column":23},"end":{"line":3,"column":1}},"1":{"start":{"line":2,"column":4},"end":{"line":2,"column":31}},"2":{"start":{"line":1,"column":13},"end":{"line":1,"column":23}}},"fnMap":{"0":{"name":"(anonymous_0)","decl":{"start":{"line":1,"column":23},"end":{"line":1,"column":24}},"loc":{"start":{"line":1,"column":50},"end":{"line":3,"column":1}}}},"branchMap":{},"s":{"0":0,"1":0,"2":0},"f":{"0":0},"b":{}}
}
